<?xml version="1.0" encoding="UTF-8" standalone="no"?>
<!DOCTYPE report PUBLIC "-//JACOCO//DTD Report 1.1//EN" "report.dtd"[]>
<report name="Pester (12/27/2025 08:13:32)">
  <sessioninfo id="this" start="1766823205902" dump="1766823212860" />
  <package name="PowerNetbox">
    <class name="PowerNetbox/PowerNetbox" sourcefilename="PowerNetbox.psm1">
      <method name="&lt;script&gt;" desc="()" line="8">
        <counter type="INSTRUCTION" missed="0" covered="13" />
        <counter type="LINE" missed="0" covered="11" />
        <counter type="METHOD" missed="0" covered="1" />
      </method>
      <method name="BuildNewURI" desc="()" line="68">
        <counter type="INSTRUCTION" missed="21" covered="0" />
        <counter type="LINE" missed="17" covered="0" />
        <counter type="METHOD" missed="1" covered="0" />
      </method>
      <method name="BuildURIComponents" desc="()" line="124">
        <counter type="INSTRUCTION" missed="29" covered="0" />
        <counter type="LINE" missed="24" covered="0" />
        <counter type="METHOD" missed="1" covered="0" />
      </method>
      <method name="BulkOperationResult" desc="()" line="217">
        <counter type="INSTRUCTION" missed="8" covered="0" />
        <counter type="LINE" missed="8" covered="0" />
        <counter type="METHOD" missed="1" covered="0" />
      </method>
      <method name="AddSuccess" desc="()" line="228">
        <counter type="INSTRUCTION" missed="3" covered="0" />
        <counter type="LINE" missed="3" covered="0" />
        <counter type="METHOD" missed="1" covered="0" />
      </method>
      <method name="AddFailure" desc="()" line="234">
        <counter type="INSTRUCTION" missed="8" covered="0" />
        <counter type="LINE" missed="8" covered="0" />
        <counter type="METHOD" missed="1" covered="0" />
      </method>
      <method name="Complete" desc="()" line="246">
        <counter type="INSTRUCTION" missed="2" covered="0" />
        <counter type="LINE" missed="2" covered="0" />
        <counter type="METHOD" missed="1" covered="0" />
      </method>
      <method name="GetSummary" desc="()" line="251">
        <counter type="INSTRUCTION" missed="5" covered="0" />
        <counter type="LINE" missed="1" covered="0" />
        <counter type="METHOD" missed="1" covered="0" />
      </method>
      <method name="CheckNetboxIsConnected" desc="()" line="265">
        <counter type="INSTRUCTION" missed="3" covered="0" />
        <counter type="LINE" missed="3" covered="0" />
        <counter type="METHOD" missed="1" covered="0" />
      </method>
      <method name="Clear-NBCredential" desc="()" line="302">
        <counter type="INSTRUCTION" missed="3" covered="0" />
        <counter type="LINE" missed="2" covered="0" />
        <counter type="METHOD" missed="1" covered="0" />
      </method>
      <method name="Connect-NBAPI" desc="()" line="385">
        <counter type="INSTRUCTION" missed="48" covered="0" />
        <counter type="LINE" missed="43" covered="0" />
        <counter type="METHOD" missed="1" covered="0" />
      </method>
      <method name="ConvertTo-NetboxVersion" desc="()" line="527">
        <counter type="INSTRUCTION" missed="12" covered="0" />
        <counter type="LINE" missed="11" covered="0" />
        <counter type="METHOD" missed="1" covered="0" />
      </method>
      <method name="CreateEnum" desc="()" line="570">
        <counter type="INSTRUCTION" missed="9" covered="0" />
        <counter type="LINE" missed="6" covered="0" />
        <counter type="METHOD" missed="1" covered="0" />
      </method>
      <method name="Enter-NBBranch" desc="()" line="648">
        <counter type="INSTRUCTION" missed="23" covered="0" />
        <counter type="LINE" missed="19" covered="0" />
        <counter type="METHOD" missed="1" covered="0" />
      </method>
      <method name="Exit-NBBranch" desc="()" line="723">
        <counter type="INSTRUCTION" missed="7" covered="0" />
        <counter type="LINE" missed="6" covered="0" />
        <counter type="METHOD" missed="1" covered="0" />
      </method>
      <method name="Get-ModelDefinition" desc="()" line="791">
        <counter type="INSTRUCTION" missed="9" covered="0" />
        <counter type="LINE" missed="9" covered="0" />
        <counter type="METHOD" missed="1" covered="0" />
      </method>
      <method name="Get-NBAPIDefinition" desc="()" line="861">
        <counter type="INSTRUCTION" missed="6" covered="0" />
        <counter type="LINE" missed="5" covered="0" />
        <counter type="METHOD" missed="1" covered="0" />
      </method>
      <method name="Get-NBBookmark" desc="()" line="941">
        <counter type="INSTRUCTION" missed="12" covered="0" />
        <counter type="LINE" missed="10" covered="0" />
        <counter type="METHOD" missed="1" covered="0" />
      </method>
      <method name="Get-NBBranch" desc="()" line="1061">
        <counter type="INSTRUCTION" missed="13" covered="0" />
        <counter type="LINE" missed="11" covered="0" />
        <counter type="METHOD" missed="1" covered="0" />
      </method>
      <method name="Get-NBBranchContext" desc="()" line="1131">
        <counter type="INSTRUCTION" missed="9" covered="0" />
        <counter type="LINE" missed="9" covered="0" />
        <counter type="METHOD" missed="1" covered="0" />
      </method>
      <method name="Get-NBBranchEvent" desc="()" line="1225">
        <counter type="INSTRUCTION" missed="13" covered="0" />
        <counter type="LINE" missed="11" covered="0" />
        <counter type="METHOD" missed="1" covered="0" />
      </method>
      <method name="Get-NBChangeDiff" desc="()" line="1343">
        <counter type="INSTRUCTION" missed="13" covered="0" />
        <counter type="LINE" missed="11" covered="0" />
        <counter type="METHOD" missed="1" covered="0" />
      </method>
      <method name="Get-NBCircuit" desc="()" line="1489">
        <counter type="INSTRUCTION" missed="12" covered="0" />
        <counter type="LINE" missed="10" covered="0" />
        <counter type="METHOD" missed="1" covered="0" />
      </method>
      <method name="Get-NBCircuitGroup" desc="()" line="1587">
        <counter type="INSTRUCTION" missed="12" covered="0" />
        <counter type="LINE" missed="10" covered="0" />
        <counter type="METHOD" missed="1" covered="0" />
      </method>
      <method name="Get-NBCircuitGroupAssignment" desc="()" line="1675">
        <counter type="INSTRUCTION" missed="12" covered="0" />
        <counter type="LINE" missed="10" covered="0" />
        <counter type="METHOD" missed="1" covered="0" />
      </method>
      <method name="Get-NBCircuitProvider" desc="()" line="1755">
        <counter type="INSTRUCTION" missed="12" covered="0" />
        <counter type="LINE" missed="10" covered="0" />
        <counter type="METHOD" missed="1" covered="0" />
      </method>
      <method name="Get-NBCircuitProviderAccount" desc="()" line="1856">
        <counter type="INSTRUCTION" missed="12" covered="0" />
        <counter type="LINE" missed="10" covered="0" />
        <counter type="METHOD" missed="1" covered="0" />
      </method>
      <method name="Get-NBCircuitProviderNetwork" desc="()" line="1944">
        <counter type="INSTRUCTION" missed="12" covered="0" />
        <counter type="LINE" missed="10" covered="0" />
        <counter type="METHOD" missed="1" covered="0" />
      </method>
      <method name="Get-NBCircuitTermination" desc="()" line="2028">
        <counter type="INSTRUCTION" missed="12" covered="0" />
        <counter type="LINE" missed="10" covered="0" />
        <counter type="METHOD" missed="1" covered="0" />
      </method>
      <method name="Get-NBCircuitType" desc="()" line="2106">
        <counter type="INSTRUCTION" missed="12" covered="0" />
        <counter type="LINE" missed="10" covered="0" />
        <counter type="METHOD" missed="1" covered="0" />
      </method>
      <method name="Get-NBConfigContext" desc="()" line="2201">
        <counter type="INSTRUCTION" missed="12" covered="0" />
        <counter type="LINE" missed="10" covered="0" />
        <counter type="METHOD" missed="1" covered="0" />
      </method>
      <method name="Get-NBContact" desc="()" line="2323">
        <counter type="INSTRUCTION" missed="12" covered="0" />
        <counter type="LINE" missed="10" covered="0" />
        <counter type="METHOD" missed="1" covered="0" />
      </method>
      <method name="Get-NBContactAssignment" desc="()" line="2443">
        <counter type="INSTRUCTION" missed="12" covered="0" />
        <counter type="LINE" missed="10" covered="0" />
        <counter type="METHOD" missed="1" covered="0" />
      </method>
      <method name="Get-NBContactRole" desc="()" line="2545">
        <counter type="INSTRUCTION" missed="12" covered="0" />
        <counter type="LINE" missed="10" covered="0" />
        <counter type="METHOD" missed="1" covered="0" />
      </method>
      <method name="Get-NBContentType" desc="()" line="2657">
        <counter type="INSTRUCTION" missed="20" covered="0" />
        <counter type="LINE" missed="16" covered="0" />
        <counter type="METHOD" missed="1" covered="0" />
      </method>
      <method name="Get-NBCredential" desc="()" line="2721">
        <counter type="INSTRUCTION" missed="0" covered="3" />
        <counter type="LINE" missed="0" covered="3" />
        <counter type="METHOD" missed="0" covered="1" />
      </method>
      <method name="Get-NBCustomField" desc="()" line="2803">
        <counter type="INSTRUCTION" missed="12" covered="0" />
        <counter type="LINE" missed="10" covered="0" />
        <counter type="METHOD" missed="1" covered="0" />
      </method>
      <method name="Get-NBCustomFieldChoiceSet" desc="()" line="2885">
        <counter type="INSTRUCTION" missed="12" covered="0" />
        <counter type="LINE" missed="10" covered="0" />
        <counter type="METHOD" missed="1" covered="0" />
      </method>
      <method name="Get-NBCustomLink" desc="()" line="2973">
        <counter type="INSTRUCTION" missed="12" covered="0" />
        <counter type="LINE" missed="10" covered="0" />
        <counter type="METHOD" missed="1" covered="0" />
      </method>
      <method name="Get-NBDataFile" desc="()" line="3061">
        <counter type="INSTRUCTION" missed="12" covered="0" />
        <counter type="LINE" missed="10" covered="0" />
        <counter type="METHOD" missed="1" covered="0" />
      </method>
      <method name="Get-NBDataSource" desc="()" line="3156">
        <counter type="INSTRUCTION" missed="12" covered="0" />
        <counter type="LINE" missed="10" covered="0" />
        <counter type="METHOD" missed="1" covered="0" />
      </method>
      <method name="Get-NBDCIMCable" desc="()" line="3249">
        <counter type="INSTRUCTION" missed="5" covered="0" />
        <counter type="LINE" missed="4" covered="0" />
        <counter type="METHOD" missed="1" covered="0" />
      </method>
      <method name="Get-NBDCIMCableTermination" desc="()" line="3313">
        <counter type="INSTRUCTION" missed="5" covered="0" />
        <counter type="LINE" missed="4" covered="0" />
        <counter type="METHOD" missed="1" covered="0" />
      </method>
      <method name="Get-NBDCIMConnectedDevice" desc="()" line="3357">
        <counter type="INSTRUCTION" missed="5" covered="0" />
        <counter type="LINE" missed="3" covered="0" />
        <counter type="METHOD" missed="1" covered="0" />
      </method>
      <method name="Get-NBDCIMConsolePort" desc="()" line="3405">
        <counter type="INSTRUCTION" missed="10" covered="0" />
        <counter type="LINE" missed="5" covered="0" />
        <counter type="METHOD" missed="1" covered="0" />
      </method>
      <method name="Get-NBDCIMConsolePortTemplate" desc="()" line="3458">
        <counter type="INSTRUCTION" missed="10" covered="0" />
        <counter type="LINE" missed="5" covered="0" />
        <counter type="METHOD" missed="1" covered="0" />
      </method>
      <method name="Get-NBDCIMConsoleServerPort" desc="()" line="3511">
        <counter type="INSTRUCTION" missed="10" covered="0" />
        <counter type="LINE" missed="5" covered="0" />
        <counter type="METHOD" missed="1" covered="0" />
      </method>
      <method name="Get-NBDCIMConsoleServerPortTemplate" desc="()" line="3564">
        <counter type="INSTRUCTION" missed="10" covered="0" />
        <counter type="LINE" missed="5" covered="0" />
        <counter type="METHOD" missed="1" covered="0" />
      </method>
      <method name="Get-NBDCIMDevice" desc="()" line="3695">
        <counter type="INSTRUCTION" missed="5" covered="0" />
        <counter type="LINE" missed="4" covered="0" />
        <counter type="METHOD" missed="1" covered="0" />
      </method>
      <method name="Get-NBDCIMDeviceBay" desc="()" line="3745">
        <counter type="INSTRUCTION" missed="10" covered="0" />
        <counter type="LINE" missed="5" covered="0" />
        <counter type="METHOD" missed="1" covered="0" />
      </method>
      <method name="Get-NBDCIMDeviceBayTemplate" desc="()" line="3796">
        <counter type="INSTRUCTION" missed="10" covered="0" />
        <counter type="LINE" missed="5" covered="0" />
        <counter type="METHOD" missed="1" covered="0" />
      </method>
      <method name="Get-NBDCIMDeviceRole" desc="()" line="3858">
        <counter type="INSTRUCTION" missed="12" covered="0" />
        <counter type="LINE" missed="10" covered="0" />
        <counter type="METHOD" missed="1" covered="0" />
      </method>
      <method name="Get-NBDCIMDeviceType" desc="()" line="3956">
        <counter type="INSTRUCTION" missed="5" covered="0" />
        <counter type="LINE" missed="4" covered="0" />
        <counter type="METHOD" missed="1" covered="0" />
      </method>
      <method name="Get-NBDCIMFrontPort" desc="()" line="4018">
        <counter type="INSTRUCTION" missed="5" covered="0" />
        <counter type="LINE" missed="4" covered="0" />
        <counter type="METHOD" missed="1" covered="0" />
      </method>
      <method name="Get-NBDCIMFrontPortTemplate" desc="()" line="4070">
        <counter type="INSTRUCTION" missed="10" covered="0" />
        <counter type="LINE" missed="5" covered="0" />
        <counter type="METHOD" missed="1" covered="0" />
      </method>
      <method name="Get-NBDCIMInterface" desc="()" line="4145">
        <counter type="INSTRUCTION" missed="5" covered="0" />
        <counter type="LINE" missed="4" covered="0" />
        <counter type="METHOD" missed="1" covered="0" />
      </method>
      <method name="Get-NBDCIMInterfaceConnection" desc="()" line="4203">
        <counter type="INSTRUCTION" missed="5" covered="0" />
        <counter type="LINE" missed="4" covered="0" />
        <counter type="METHOD" missed="1" covered="0" />
      </method>
      <method name="Get-NBDCIMInterfaceTemplate" desc="()" line="4255">
        <counter type="INSTRUCTION" missed="10" covered="0" />
        <counter type="LINE" missed="5" covered="0" />
        <counter type="METHOD" missed="1" covered="0" />
      </method>
      <method name="Get-NBDCIMInventoryItem" desc="()" line="4310">
        <counter type="INSTRUCTION" missed="10" covered="0" />
        <counter type="LINE" missed="5" covered="0" />
        <counter type="METHOD" missed="1" covered="0" />
      </method>
      <method name="Get-NBDCIMInventoryItemRole" desc="()" line="4361">
        <counter type="INSTRUCTION" missed="10" covered="0" />
        <counter type="LINE" missed="5" covered="0" />
        <counter type="METHOD" missed="1" covered="0" />
      </method>
      <method name="Get-NBDCIMInventoryItemTemplate" desc="()" line="4413">
        <counter type="INSTRUCTION" missed="10" covered="0" />
        <counter type="LINE" missed="5" covered="0" />
        <counter type="METHOD" missed="1" covered="0" />
      </method>
      <method name="Get-NBDCIMLocation" desc="()" line="4537">
        <counter type="INSTRUCTION" missed="11" covered="0" />
        <counter type="LINE" missed="9" covered="0" />
        <counter type="METHOD" missed="1" covered="0" />
      </method>
      <method name="Get-NBDCIMMACAddress" desc="()" line="4604">
        <counter type="INSTRUCTION" missed="10" covered="0" />
        <counter type="LINE" missed="5" covered="0" />
        <counter type="METHOD" missed="1" covered="0" />
      </method>
      <method name="Get-NBDCIMManufacturer" desc="()" line="4691">
        <counter type="INSTRUCTION" missed="11" covered="0" />
        <counter type="LINE" missed="9" covered="0" />
        <counter type="METHOD" missed="1" covered="0" />
      </method>
      <method name="Get-NBDCIMModule" desc="()" line="4759">
        <counter type="INSTRUCTION" missed="10" covered="0" />
        <counter type="LINE" missed="5" covered="0" />
        <counter type="METHOD" missed="1" covered="0" />
      </method>
      <method name="Get-NBDCIMModuleBay" desc="()" line="4810">
        <counter type="INSTRUCTION" missed="10" covered="0" />
        <counter type="LINE" missed="5" covered="0" />
        <counter type="METHOD" missed="1" covered="0" />
      </method>
      <method name="Get-NBDCIMModuleBayTemplate" desc="()" line="4861">
        <counter type="INSTRUCTION" missed="10" covered="0" />
        <counter type="LINE" missed="5" covered="0" />
        <counter type="METHOD" missed="1" covered="0" />
      </method>
      <method name="Get-NBDCIMModuleType" desc="()" line="4913">
        <counter type="INSTRUCTION" missed="10" covered="0" />
        <counter type="LINE" missed="5" covered="0" />
        <counter type="METHOD" missed="1" covered="0" />
      </method>
      <method name="Get-NBDCIMModuleTypeProfile" desc="()" line="4963">
        <counter type="INSTRUCTION" missed="10" covered="0" />
        <counter type="LINE" missed="5" covered="0" />
        <counter type="METHOD" missed="1" covered="0" />
      </method>
      <method name="Get-NBDCIMPlatform" desc="()" line="5025">
        <counter type="INSTRUCTION" missed="12" covered="0" />
        <counter type="LINE" missed="10" covered="0" />
        <counter type="METHOD" missed="1" covered="0" />
      </method>
      <method name="Get-NBDCIMPowerFeed" desc="()" line="5096">
        <counter type="INSTRUCTION" missed="10" covered="0" />
        <counter type="LINE" missed="5" covered="0" />
        <counter type="METHOD" missed="1" covered="0" />
      </method>
      <method name="Get-NBDCIMPowerOutlet" desc="()" line="5149">
        <counter type="INSTRUCTION" missed="10" covered="0" />
        <counter type="LINE" missed="5" covered="0" />
        <counter type="METHOD" missed="1" covered="0" />
      </method>
      <method name="Get-NBDCIMPowerOutletTemplate" desc="()" line="5202">
        <counter type="INSTRUCTION" missed="10" covered="0" />
        <counter type="LINE" missed="5" covered="0" />
        <counter type="METHOD" missed="1" covered="0" />
      </method>
      <method name="Get-NBDCIMPowerPanel" desc="()" line="5254">
        <counter type="INSTRUCTION" missed="10" covered="0" />
        <counter type="LINE" missed="5" covered="0" />
        <counter type="METHOD" missed="1" covered="0" />
      </method>
      <method name="Get-NBDCIMPowerPort" desc="()" line="5307">
        <counter type="INSTRUCTION" missed="10" covered="0" />
        <counter type="LINE" missed="5" covered="0" />
        <counter type="METHOD" missed="1" covered="0" />
      </method>
      <method name="Get-NBDCIMPowerPortTemplate" desc="()" line="5360">
        <counter type="INSTRUCTION" missed="10" covered="0" />
        <counter type="LINE" missed="5" covered="0" />
        <counter type="METHOD" missed="1" covered="0" />
      </method>
      <method name="Get-NBDCIMRack" desc="()" line="5501">
        <counter type="INSTRUCTION" missed="11" covered="0" />
        <counter type="LINE" missed="9" covered="0" />
        <counter type="METHOD" missed="1" covered="0" />
      </method>
      <method name="Get-NBDCIMRackReservation" desc="()" line="5567">
        <counter type="INSTRUCTION" missed="10" covered="0" />
        <counter type="LINE" missed="5" covered="0" />
        <counter type="METHOD" missed="1" covered="0" />
      </method>
      <method name="Get-NBDCIMRackRole" desc="()" line="5618">
        <counter type="INSTRUCTION" missed="10" covered="0" />
        <counter type="LINE" missed="5" covered="0" />
        <counter type="METHOD" missed="1" covered="0" />
      </method>
      <method name="Get-NBDCIMRackType" desc="()" line="5670">
        <counter type="INSTRUCTION" missed="10" covered="0" />
        <counter type="LINE" missed="5" covered="0" />
        <counter type="METHOD" missed="1" covered="0" />
      </method>
      <method name="Get-NBDCIMRearPort" desc="()" line="5733">
        <counter type="INSTRUCTION" missed="5" covered="0" />
        <counter type="LINE" missed="4" covered="0" />
        <counter type="METHOD" missed="1" covered="0" />
      </method>
      <method name="Get-NBDCIMRearPortTemplate" desc="()" line="5785">
        <counter type="INSTRUCTION" missed="10" covered="0" />
        <counter type="LINE" missed="5" covered="0" />
        <counter type="METHOD" missed="1" covered="0" />
      </method>
      <method name="Get-NBDCIMRegion" desc="()" line="5884">
        <counter type="INSTRUCTION" missed="11" covered="0" />
        <counter type="LINE" missed="9" covered="0" />
        <counter type="METHOD" missed="1" covered="0" />
      </method>
      <method name="Get-NBDCIMSite" desc="()" line="6002">
        <counter type="INSTRUCTION" missed="12" covered="0" />
        <counter type="LINE" missed="10" covered="0" />
        <counter type="METHOD" missed="1" covered="0" />
      </method>
      <method name="Get-NBDCIMSiteGroup" desc="()" line="6116">
        <counter type="INSTRUCTION" missed="11" covered="0" />
        <counter type="LINE" missed="9" covered="0" />
        <counter type="METHOD" missed="1" covered="0" />
      </method>
      <method name="Get-NBDCIMVirtualChassis" desc="()" line="6184">
        <counter type="INSTRUCTION" missed="10" covered="0" />
        <counter type="LINE" missed="5" covered="0" />
        <counter type="METHOD" missed="1" covered="0" />
      </method>
      <method name="Get-NBDCIMVirtualDeviceContext" desc="()" line="6239">
        <counter type="INSTRUCTION" missed="10" covered="0" />
        <counter type="LINE" missed="5" covered="0" />
        <counter type="METHOD" missed="1" covered="0" />
      </method>
      <method name="Get-NBEventRule" desc="()" line="6337">
        <counter type="INSTRUCTION" missed="12" covered="0" />
        <counter type="LINE" missed="10" covered="0" />
        <counter type="METHOD" missed="1" covered="0" />
      </method>
      <method name="Get-NBExportTemplate" desc="()" line="6425">
        <counter type="INSTRUCTION" missed="12" covered="0" />
        <counter type="LINE" missed="10" covered="0" />
        <counter type="METHOD" missed="1" covered="0" />
      </method>
      <method name="Get-NBGroup" desc="()" line="6507">
        <counter type="INSTRUCTION" missed="12" covered="0" />
        <counter type="LINE" missed="10" covered="0" />
        <counter type="METHOD" missed="1" covered="0" />
      </method>
      <method name="Get-NBHostname" desc="()" line="6551">
        <counter type="INSTRUCTION" missed="0" covered="4" />
        <counter type="LINE" missed="0" covered="4" />
        <counter type="METHOD" missed="0" covered="1" />
      </method>
      <method name="Get-NBHostPort" desc="()" line="6584">
        <counter type="INSTRUCTION" missed="4" covered="0" />
        <counter type="LINE" missed="4" covered="0" />
        <counter type="METHOD" missed="1" covered="0" />
      </method>
      <method name="Get-NBHostScheme" desc="()" line="6617">
        <counter type="INSTRUCTION" missed="4" covered="0" />
        <counter type="LINE" missed="4" covered="0" />
        <counter type="METHOD" missed="1" covered="0" />
      </method>
      <method name="Get-NBImageAttachment" desc="()" line="6700">
        <counter type="INSTRUCTION" missed="12" covered="0" />
        <counter type="LINE" missed="10" covered="0" />
        <counter type="METHOD" missed="1" covered="0" />
      </method>
      <method name="Get-NBInvokeParams" desc="()" line="6745">
        <counter type="INSTRUCTION" missed="4" covered="0" />
        <counter type="LINE" missed="4" covered="0" />
        <counter type="METHOD" missed="1" covered="0" />
      </method>
      <method name="Get-NBIPAMAddress" desc="()" line="6845">
        <counter type="INSTRUCTION" missed="12" covered="0" />
        <counter type="LINE" missed="10" covered="0" />
        <counter type="METHOD" missed="1" covered="0" />
      </method>
      <method name="Get-NBIPAMAddressRange" desc="()" line="6945">
        <counter type="INSTRUCTION" missed="12" covered="0" />
        <counter type="LINE" missed="10" covered="0" />
        <counter type="METHOD" missed="1" covered="0" />
      </method>
      <method name="Get-NBIPAMAggregate" desc="()" line="7039">
        <counter type="INSTRUCTION" missed="12" covered="0" />
        <counter type="LINE" missed="10" covered="0" />
        <counter type="METHOD" missed="1" covered="0" />
      </method>
      <method name="Get-NBIPAMASN" desc="()" line="7155">
        <counter type="INSTRUCTION" missed="11" covered="0" />
        <counter type="LINE" missed="9" covered="0" />
        <counter type="METHOD" missed="1" covered="0" />
      </method>
      <method name="Get-NBIPAMASNRange" desc="()" line="7261">
        <counter type="INSTRUCTION" missed="11" covered="0" />
        <counter type="LINE" missed="9" covered="0" />
        <counter type="METHOD" missed="1" covered="0" />
      </method>
      <method name="Get-NBIPAMAvailableIP" desc="()" line="7346">
        <counter type="INSTRUCTION" missed="5" covered="0" />
        <counter type="LINE" missed="4" covered="0" />
        <counter type="METHOD" missed="1" covered="0" />
      </method>
      <method name="Get-NBIPAMFHRPGroup" desc="()" line="7397">
        <counter type="INSTRUCTION" missed="10" covered="0" />
        <counter type="LINE" missed="5" covered="0" />
        <counter type="METHOD" missed="1" covered="0" />
      </method>
      <method name="Get-NBIPAMFHRPGroupAssignment" desc="()" line="7449">
        <counter type="INSTRUCTION" missed="10" covered="0" />
        <counter type="LINE" missed="5" covered="0" />
        <counter type="METHOD" missed="1" covered="0" />
      </method>
      <method name="Get-NBIPAMPrefix" desc="()" line="7636">
        <counter type="INSTRUCTION" missed="12" covered="0" />
        <counter type="LINE" missed="10" covered="0" />
        <counter type="METHOD" missed="1" covered="0" />
      </method>
      <method name="Get-NBIPAMRIR" desc="()" line="7706">
        <counter type="INSTRUCTION" missed="10" covered="0" />
        <counter type="LINE" missed="5" covered="0" />
        <counter type="METHOD" missed="1" covered="0" />
      </method>
      <method name="Get-NBIPAMRole" desc="()" line="7802">
        <counter type="INSTRUCTION" missed="12" covered="0" />
        <counter type="LINE" missed="10" covered="0" />
        <counter type="METHOD" missed="1" covered="0" />
      </method>
      <method name="Get-NBIPAMRouteTarget" desc="()" line="7926">
        <counter type="INSTRUCTION" missed="11" covered="0" />
        <counter type="LINE" missed="9" covered="0" />
        <counter type="METHOD" missed="1" covered="0" />
      </method>
      <method name="Get-NBIPAMService" desc="()" line="8046">
        <counter type="INSTRUCTION" missed="11" covered="0" />
        <counter type="LINE" missed="9" covered="0" />
        <counter type="METHOD" missed="1" covered="0" />
      </method>
      <method name="Get-NBIPAMServiceTemplate" desc="()" line="8154">
        <counter type="INSTRUCTION" missed="11" covered="0" />
        <counter type="LINE" missed="9" covered="0" />
        <counter type="METHOD" missed="1" covered="0" />
      </method>
      <method name="Get-NBIPAMVLAN" desc="()" line="8268">
        <counter type="INSTRUCTION" missed="12" covered="0" />
        <counter type="LINE" missed="10" covered="0" />
        <counter type="METHOD" missed="1" covered="0" />
      </method>
      <method name="Get-NBIPAMVLANGroup" desc="()" line="8341">
        <counter type="INSTRUCTION" missed="10" covered="0" />
        <counter type="LINE" missed="5" covered="0" />
        <counter type="METHOD" missed="1" covered="0" />
      </method>
      <method name="Get-NBIPAMVLANTranslationPolicy" desc="()" line="8391">
        <counter type="INSTRUCTION" missed="10" covered="0" />
        <counter type="LINE" missed="5" covered="0" />
        <counter type="METHOD" missed="1" covered="0" />
      </method>
      <method name="Get-NBIPAMVLANTranslationRule" desc="()" line="8442">
        <counter type="INSTRUCTION" missed="10" covered="0" />
        <counter type="LINE" missed="5" covered="0" />
        <counter type="METHOD" missed="1" covered="0" />
      </method>
      <method name="Get-NBIPAMVRF" desc="()" line="8552">
        <counter type="INSTRUCTION" missed="11" covered="0" />
        <counter type="LINE" missed="9" covered="0" />
        <counter type="METHOD" missed="1" covered="0" />
      </method>
      <method name="Get-NBJob" desc="()" line="8667">
        <counter type="INSTRUCTION" missed="12" covered="0" />
        <counter type="LINE" missed="10" covered="0" />
        <counter type="METHOD" missed="1" covered="0" />
      </method>
      <method name="Get-NBJournalEntry" desc="()" line="8768">
        <counter type="INSTRUCTION" missed="12" covered="0" />
        <counter type="LINE" missed="10" covered="0" />
        <counter type="METHOD" missed="1" covered="0" />
      </method>
      <method name="Get-NBObjectChange" desc="()" line="8878">
        <counter type="INSTRUCTION" missed="12" covered="0" />
        <counter type="LINE" missed="10" covered="0" />
        <counter type="METHOD" missed="1" covered="0" />
      </method>
      <method name="Get-NBObjectType" desc="()" line="8969">
        <counter type="INSTRUCTION" missed="12" covered="0" />
        <counter type="LINE" missed="10" covered="0" />
        <counter type="METHOD" missed="1" covered="0" />
      </method>
      <method name="Get-NBPermission" desc="()" line="9075">
        <counter type="INSTRUCTION" missed="12" covered="0" />
        <counter type="LINE" missed="10" covered="0" />
        <counter type="METHOD" missed="1" covered="0" />
      </method>
      <method name="Get-NBSavedFilter" desc="()" line="9187">
        <counter type="INSTRUCTION" missed="12" covered="0" />
        <counter type="LINE" missed="10" covered="0" />
        <counter type="METHOD" missed="1" covered="0" />
      </method>
      <method name="Get-NBTag" desc="()" line="9254">
        <counter type="INSTRUCTION" missed="5" covered="0" />
        <counter type="LINE" missed="4" covered="0" />
        <counter type="METHOD" missed="1" covered="0" />
      </method>
      <method name="Get-NBTenant" desc="()" line="9355">
        <counter type="INSTRUCTION" missed="12" covered="0" />
        <counter type="LINE" missed="10" covered="0" />
        <counter type="METHOD" missed="1" covered="0" />
      </method>
      <method name="Get-NBTenantGroup" desc="()" line="9475">
        <counter type="INSTRUCTION" missed="5" covered="0" />
        <counter type="LINE" missed="4" covered="0" />
        <counter type="METHOD" missed="1" covered="0" />
      </method>
      <method name="Get-NBTimeout" desc="()" line="9510">
        <counter type="INSTRUCTION" missed="4" covered="0" />
        <counter type="LINE" missed="4" covered="0" />
        <counter type="METHOD" missed="1" covered="0" />
      </method>
      <method name="Get-NBToken" desc="()" line="9593">
        <counter type="INSTRUCTION" missed="12" covered="0" />
        <counter type="LINE" missed="10" covered="0" />
        <counter type="METHOD" missed="1" covered="0" />
      </method>
      <method name="Get-NBUser" desc="()" line="9720">
        <counter type="INSTRUCTION" missed="12" covered="0" />
        <counter type="LINE" missed="10" covered="0" />
        <counter type="METHOD" missed="1" covered="0" />
      </method>
      <method name="Get-NBVersion" desc="()" line="9764">
        <counter type="INSTRUCTION" missed="6" covered="0" />
        <counter type="LINE" missed="5" covered="0" />
        <counter type="METHOD" missed="1" covered="0" />
      </method>
      <method name="Get-NBVirtualCircuit" desc="()" line="9874">
        <counter type="INSTRUCTION" missed="12" covered="0" />
        <counter type="LINE" missed="10" covered="0" />
        <counter type="METHOD" missed="1" covered="0" />
      </method>
      <method name="Get-NBVirtualCircuitTermination" desc="()" line="9969">
        <counter type="INSTRUCTION" missed="12" covered="0" />
        <counter type="LINE" missed="10" covered="0" />
        <counter type="METHOD" missed="1" covered="0" />
      </method>
      <method name="Get-NBVirtualCircuitType" desc="()" line="10057">
        <counter type="INSTRUCTION" missed="12" covered="0" />
        <counter type="LINE" missed="10" covered="0" />
        <counter type="METHOD" missed="1" covered="0" />
      </method>
      <method name="Get-NBVirtualizationCluster" desc="()" line="10171">
        <counter type="INSTRUCTION" missed="5" covered="0" />
        <counter type="LINE" missed="4" covered="0" />
        <counter type="METHOD" missed="1" covered="0" />
      </method>
      <method name="Get-NBVirtualizationClusterGroup" desc="()" line="10232">
        <counter type="INSTRUCTION" missed="5" covered="0" />
        <counter type="LINE" missed="4" covered="0" />
        <counter type="METHOD" missed="1" covered="0" />
      </method>
      <method name="Get-NBVirtualizationClusterType" desc="()" line="10328">
        <counter type="INSTRUCTION" missed="5" covered="0" />
        <counter type="LINE" missed="4" covered="0" />
        <counter type="METHOD" missed="1" covered="0" />
      </method>
      <method name="Get-NBVirtualMachine" desc="()" line="10481">
        <counter type="INSTRUCTION" missed="5" covered="0" />
        <counter type="LINE" missed="4" covered="0" />
        <counter type="METHOD" missed="1" covered="0" />
      </method>
      <method name="Get-NBVirtualMachineInterface" desc="()" line="10577">
        <counter type="INSTRUCTION" missed="5" covered="0" />
        <counter type="LINE" missed="4" covered="0" />
        <counter type="METHOD" missed="1" covered="0" />
      </method>
      <method name="Get-NBVPNIKEPolicy" desc="()" line="10615">
        <counter type="INSTRUCTION" missed="10" covered="0" />
        <counter type="LINE" missed="3" covered="0" />
        <counter type="METHOD" missed="1" covered="0" />
      </method>
      <method name="Get-NBVPNIKEProposal" desc="()" line="10650">
        <counter type="INSTRUCTION" missed="10" covered="0" />
        <counter type="LINE" missed="3" covered="0" />
        <counter type="METHOD" missed="1" covered="0" />
      </method>
      <method name="Get-NBVPNIPSecPolicy" desc="()" line="10685">
        <counter type="INSTRUCTION" missed="10" covered="0" />
        <counter type="LINE" missed="3" covered="0" />
        <counter type="METHOD" missed="1" covered="0" />
      </method>
      <method name="Get-NBVPNIPSecProfile" desc="()" line="10720">
        <counter type="INSTRUCTION" missed="10" covered="0" />
        <counter type="LINE" missed="3" covered="0" />
        <counter type="METHOD" missed="1" covered="0" />
      </method>
      <method name="Get-NBVPNIPSecProposal" desc="()" line="10755">
        <counter type="INSTRUCTION" missed="10" covered="0" />
        <counter type="LINE" missed="3" covered="0" />
        <counter type="METHOD" missed="1" covered="0" />
      </method>
      <method name="Get-NBVPNL2VPN" desc="()" line="10792">
        <counter type="INSTRUCTION" missed="10" covered="0" />
        <counter type="LINE" missed="3" covered="0" />
        <counter type="METHOD" missed="1" covered="0" />
      </method>
      <method name="Get-NBVPNL2VPNTermination" desc="()" line="10827">
        <counter type="INSTRUCTION" missed="10" covered="0" />
        <counter type="LINE" missed="3" covered="0" />
        <counter type="METHOD" missed="1" covered="0" />
      </method>
      <method name="Get-NBVPNTunnel" desc="()" line="10878">
        <counter type="INSTRUCTION" missed="11" covered="0" />
        <counter type="LINE" missed="9" covered="0" />
        <counter type="METHOD" missed="1" covered="0" />
      </method>
      <method name="Get-NBVPNTunnelGroup" desc="()" line="10925">
        <counter type="INSTRUCTION" missed="10" covered="0" />
        <counter type="LINE" missed="3" covered="0" />
        <counter type="METHOD" missed="1" covered="0" />
      </method>
      <method name="Get-NBVPNTunnelTermination" desc="()" line="10961">
        <counter type="INSTRUCTION" missed="10" covered="0" />
        <counter type="LINE" missed="3" covered="0" />
        <counter type="METHOD" missed="1" covered="0" />
      </method>
      <method name="Get-NBWebhook" desc="()" line="11037">
        <counter type="INSTRUCTION" missed="12" covered="0" />
        <counter type="LINE" missed="10" covered="0" />
        <counter type="METHOD" missed="1" covered="0" />
      </method>
      <method name="Get-NBWirelessLAN" desc="()" line="11086">
        <counter type="INSTRUCTION" missed="10" covered="0" />
        <counter type="LINE" missed="3" covered="0" />
        <counter type="METHOD" missed="1" covered="0" />
      </method>
      <method name="Get-NBWirelessLANGroup" desc="()" line="11122">
        <counter type="INSTRUCTION" missed="10" covered="0" />
        <counter type="LINE" missed="3" covered="0" />
        <counter type="METHOD" missed="1" covered="0" />
      </method>
      <method name="Get-NBWirelessLink" desc="()" line="11158">
        <counter type="INSTRUCTION" missed="10" covered="0" />
        <counter type="LINE" missed="3" covered="0" />
        <counter type="METHOD" missed="1" covered="0" />
      </method>
      <method name="GetNetboxAPIErrorBody" desc="()" line="11202">
        <counter type="INSTRUCTION" missed="24" covered="0" />
        <counter type="LINE" missed="22" covered="0" />
        <counter type="METHOD" missed="1" covered="0" />
      </method>
      <method name="GetNetboxConfigVariable" desc="()" line="11255">
        <counter type="INSTRUCTION" missed="1" covered="0" />
        <counter type="LINE" missed="1" covered="0" />
        <counter type="METHOD" missed="1" covered="0" />
      </method>
      <method name="Invoke-NBInBranch" desc="()" line="11311">
        <counter type="INSTRUCTION" missed="3" covered="0" />
        <counter type="LINE" missed="3" covered="0" />
        <counter type="METHOD" missed="1" covered="0" />
      </method>
      <method name="InvokeNetboxRequest" desc="()" line="11395">
        <counter type="INSTRUCTION" missed="124" covered="0" />
        <counter type="LINE" missed="100" covered="0" />
        <counter type="METHOD" missed="1" covered="0" />
      </method>
      <method name="GetHttpStatusName" desc="()" line="11629">
        <counter type="INSTRUCTION" missed="16" covered="0" />
        <counter type="LINE" missed="16" covered="0" />
        <counter type="METHOD" missed="1" covered="0" />
      </method>
      <method name="GetErrorCategory" desc="()" line="11655">
        <counter type="INSTRUCTION" missed="12" covered="0" />
        <counter type="LINE" missed="11" covered="0" />
        <counter type="METHOD" missed="1" covered="0" />
      </method>
      <method name="BuildDetailedErrorMessage" desc="()" line="11680">
        <counter type="INSTRUCTION" missed="25" covered="0" />
        <counter type="LINE" missed="25" covered="0" />
        <counter type="METHOD" missed="1" covered="0" />
      </method>
      <method name="Merge-NBBranch" desc="()" line="11786">
        <counter type="INSTRUCTION" missed="15" covered="0" />
        <counter type="LINE" missed="12" covered="0" />
        <counter type="METHOD" missed="1" covered="0" />
      </method>
      <method name="New-NBBookmark" desc="()" line="11857">
        <counter type="INSTRUCTION" missed="6" covered="0" />
        <counter type="LINE" missed="5" covered="0" />
        <counter type="METHOD" missed="1" covered="0" />
      </method>
      <method name="New-NBBranch" desc="()" line="11928">
        <counter type="INSTRUCTION" missed="7" covered="0" />
        <counter type="LINE" missed="6" covered="0" />
        <counter type="METHOD" missed="1" covered="0" />
      </method>
      <method name="New-NBCircuit" desc="()" line="12009">
        <counter type="INSTRUCTION" missed="7" covered="0" />
        <counter type="LINE" missed="6" covered="0" />
        <counter type="METHOD" missed="1" covered="0" />
      </method>
      <method name="New-NBCircuitGroup" desc="()" line="12077">
        <counter type="INSTRUCTION" missed="6" covered="0" />
        <counter type="LINE" missed="5" covered="0" />
        <counter type="METHOD" missed="1" covered="0" />
      </method>
      <method name="New-NBCircuitGroupAssignment" desc="()" line="12138">
        <counter type="INSTRUCTION" missed="6" covered="0" />
        <counter type="LINE" missed="5" covered="0" />
        <counter type="METHOD" missed="1" covered="0" />
      </method>
      <method name="New-NBCircuitProvider" desc="()" line="12203">
        <counter type="INSTRUCTION" missed="6" covered="0" />
        <counter type="LINE" missed="5" covered="0" />
        <counter type="METHOD" missed="1" covered="0" />
      </method>
      <method name="New-NBCircuitProviderAccount" desc="()" line="12276">
        <counter type="INSTRUCTION" missed="6" covered="0" />
        <counter type="LINE" missed="5" covered="0" />
        <counter type="METHOD" missed="1" covered="0" />
      </method>
      <method name="New-NBCircuitProviderNetwork" desc="()" line="12347">
        <counter type="INSTRUCTION" missed="6" covered="0" />
        <counter type="LINE" missed="5" covered="0" />
        <counter type="METHOD" missed="1" covered="0" />
      </method>
      <method name="New-NBCircuitTermination" desc="()" line="12443">
        <counter type="INSTRUCTION" missed="6" covered="0" />
        <counter type="LINE" missed="5" covered="0" />
        <counter type="METHOD" missed="1" covered="0" />
      </method>
      <method name="New-NBCircuitType" desc="()" line="12511">
        <counter type="INSTRUCTION" missed="6" covered="0" />
        <counter type="LINE" missed="5" covered="0" />
        <counter type="METHOD" missed="1" covered="0" />
      </method>
      <method name="New-NBConfigContext" desc="()" line="12645">
        <counter type="INSTRUCTION" missed="6" covered="0" />
        <counter type="LINE" missed="5" covered="0" />
        <counter type="METHOD" missed="1" covered="0" />
      </method>
      <method name="New-NBContact" desc="()" line="12741">
        <counter type="INSTRUCTION" missed="7" covered="0" />
        <counter type="LINE" missed="6" covered="0" />
        <counter type="METHOD" missed="1" covered="0" />
      </method>
      <method name="New-NBContactAssignment" desc="()" line="12822">
        <counter type="INSTRUCTION" missed="7" covered="0" />
        <counter type="LINE" missed="6" covered="0" />
        <counter type="METHOD" missed="1" covered="0" />
      </method>
      <method name="New-NBContactRole" desc="()" line="12901">
        <counter type="INSTRUCTION" missed="7" covered="0" />
        <counter type="LINE" missed="6" covered="0" />
        <counter type="METHOD" missed="1" covered="0" />
      </method>
      <method name="New-NBCustomField" desc="()" line="13045">
        <counter type="INSTRUCTION" missed="6" covered="0" />
        <counter type="LINE" missed="5" covered="0" />
        <counter type="METHOD" missed="1" covered="0" />
      </method>
      <method name="New-NBCustomFieldChoiceSet" desc="()" line="13110">
        <counter type="INSTRUCTION" missed="6" covered="0" />
        <counter type="LINE" missed="5" covered="0" />
        <counter type="METHOD" missed="1" covered="0" />
      </method>
      <method name="New-NBCustomLink" desc="()" line="13201">
        <counter type="INSTRUCTION" missed="6" covered="0" />
        <counter type="LINE" missed="5" covered="0" />
        <counter type="METHOD" missed="1" covered="0" />
      </method>
      <method name="New-NBDataSource" desc="()" line="13283">
        <counter type="INSTRUCTION" missed="6" covered="0" />
        <counter type="LINE" missed="5" covered="0" />
        <counter type="METHOD" missed="1" covered="0" />
      </method>
      <method name="New-NBDCIMCable" desc="()" line="13409">
        <counter type="INSTRUCTION" missed="33" covered="0" />
        <counter type="LINE" missed="19" covered="0" />
        <counter type="METHOD" missed="1" covered="0" />
      </method>
      <method name="New-NBDCIMConsolePort" desc="()" line="13479">
        <counter type="INSTRUCTION" missed="6" covered="0" />
        <counter type="LINE" missed="4" covered="0" />
        <counter type="METHOD" missed="1" covered="0" />
      </method>
      <method name="New-NBDCIMConsolePortTemplate" desc="()" line="13523">
        <counter type="INSTRUCTION" missed="6" covered="0" />
        <counter type="LINE" missed="4" covered="0" />
        <counter type="METHOD" missed="1" covered="0" />
      </method>
      <method name="New-NBDCIMConsoleServerPort" desc="()" line="13571">
        <counter type="INSTRUCTION" missed="6" covered="0" />
        <counter type="LINE" missed="4" covered="0" />
        <counter type="METHOD" missed="1" covered="0" />
      </method>
      <method name="New-NBDCIMConsoleServerPortTemplate" desc="()" line="13615">
        <counter type="INSTRUCTION" missed="6" covered="0" />
        <counter type="LINE" missed="4" covered="0" />
        <counter type="METHOD" missed="1" covered="0" />
      </method>
      <method name="New-NBDCIMDevice" desc="()" line="13782">
        <counter type="INSTRUCTION" missed="32" covered="0" />
        <counter type="LINE" missed="28" covered="0" />
        <counter type="METHOD" missed="1" covered="0" />
      </method>
      <method name="New-NBDCIMDeviceBay" desc="()" line="13887">
        <counter type="INSTRUCTION" missed="6" covered="0" />
        <counter type="LINE" missed="4" covered="0" />
        <counter type="METHOD" missed="1" covered="0" />
      </method>
      <method name="New-NBDCIMDeviceBayTemplate" desc="()" line="13929">
        <counter type="INSTRUCTION" missed="6" covered="0" />
        <counter type="LINE" missed="4" covered="0" />
        <counter type="METHOD" missed="1" covered="0" />
      </method>
      <method name="New-NBDCIMDeviceRole" desc="()" line="13975">
        <counter type="INSTRUCTION" missed="6" covered="0" />
        <counter type="LINE" missed="4" covered="0" />
        <counter type="METHOD" missed="1" covered="0" />
      </method>
      <method name="New-NBDCIMDeviceType" desc="()" line="14027">
        <counter type="INSTRUCTION" missed="6" covered="0" />
        <counter type="LINE" missed="4" covered="0" />
        <counter type="METHOD" missed="1" covered="0" />
      </method>
      <method name="New-NBDCIMFrontPort" desc="()" line="14149">
        <counter type="INSTRUCTION" missed="6" covered="0" />
        <counter type="LINE" missed="5" covered="0" />
        <counter type="METHOD" missed="1" covered="0" />
      </method>
      <method name="New-NBDCIMFrontPortTemplate" desc="()" line="14200">
        <counter type="INSTRUCTION" missed="6" covered="0" />
        <counter type="LINE" missed="4" covered="0" />
        <counter type="METHOD" missed="1" covered="0" />
      </method>
      <method name="New-NBDCIMInterface" desc="()" line="14371">
        <counter type="INSTRUCTION" missed="49" covered="0" />
        <counter type="LINE" missed="45" covered="0" />
        <counter type="METHOD" missed="1" covered="0" />
      </method>
      <method name="New-NBDCIMInterfaceConnection" desc="()" line="14531">
        <counter type="INSTRUCTION" missed="10" covered="0" />
        <counter type="LINE" missed="9" covered="0" />
        <counter type="METHOD" missed="1" covered="0" />
      </method>
      <method name="New-NBDCIMInterfaceTemplate" desc="()" line="14590">
        <counter type="INSTRUCTION" missed="6" covered="0" />
        <counter type="LINE" missed="4" covered="0" />
        <counter type="METHOD" missed="1" covered="0" />
      </method>
      <method name="New-NBDCIMInventoryItem" desc="()" line="14643">
        <counter type="INSTRUCTION" missed="6" covered="0" />
        <counter type="LINE" missed="4" covered="0" />
        <counter type="METHOD" missed="1" covered="0" />
      </method>
      <method name="New-NBDCIMInventoryItemRole" desc="()" line="14687">
        <counter type="INSTRUCTION" missed="6" covered="0" />
        <counter type="LINE" missed="4" covered="0" />
        <counter type="METHOD" missed="1" covered="0" />
      </method>
      <method name="New-NBDCIMInventoryItemTemplate" desc="()" line="14735">
        <counter type="INSTRUCTION" missed="6" covered="0" />
        <counter type="LINE" missed="4" covered="0" />
        <counter type="METHOD" missed="1" covered="0" />
      </method>
      <method name="New-NBDCIMLocation" desc="()" line="14834">
        <counter type="INSTRUCTION" missed="6" covered="0" />
        <counter type="LINE" missed="5" covered="0" />
        <counter type="METHOD" missed="1" covered="0" />
      </method>
      <method name="New-NBDCIMMACAddress" desc="()" line="14883">
        <counter type="INSTRUCTION" missed="6" covered="0" />
        <counter type="LINE" missed="4" covered="0" />
        <counter type="METHOD" missed="1" covered="0" />
      </method>
      <method name="New-NBDCIMManufacturer" desc="()" line="14949">
        <counter type="INSTRUCTION" missed="6" covered="0" />
        <counter type="LINE" missed="5" covered="0" />
        <counter type="METHOD" missed="1" covered="0" />
      </method>
      <method name="New-NBDCIMModule" desc="()" line="15003">
        <counter type="INSTRUCTION" missed="6" covered="0" />
        <counter type="LINE" missed="4" covered="0" />
        <counter type="METHOD" missed="1" covered="0" />
      </method>
      <method name="New-NBDCIMModuleBay" desc="()" line="15048">
        <counter type="INSTRUCTION" missed="6" covered="0" />
        <counter type="LINE" missed="4" covered="0" />
        <counter type="METHOD" missed="1" covered="0" />
      </method>
      <method name="New-NBDCIMModuleBayTemplate" desc="()" line="15091">
        <counter type="INSTRUCTION" missed="6" covered="0" />
        <counter type="LINE" missed="4" covered="0" />
        <counter type="METHOD" missed="1" covered="0" />
      </method>
      <method name="New-NBDCIMModuleType" desc="()" line="15138">
        <counter type="INSTRUCTION" missed="6" covered="0" />
        <counter type="LINE" missed="4" covered="0" />
        <counter type="METHOD" missed="1" covered="0" />
      </method>
      <method name="New-NBDCIMModuleTypeProfile" desc="()" line="15181">
        <counter type="INSTRUCTION" missed="6" covered="0" />
        <counter type="LINE" missed="4" covered="0" />
        <counter type="METHOD" missed="1" covered="0" />
      </method>
      <method name="New-NBDCIMPlatform" desc="()" line="15226">
        <counter type="INSTRUCTION" missed="6" covered="0" />
        <counter type="LINE" missed="4" covered="0" />
        <counter type="METHOD" missed="1" covered="0" />
      </method>
      <method name="New-NBDCIMPowerFeed" desc="()" line="15279">
        <counter type="INSTRUCTION" missed="6" covered="0" />
        <counter type="LINE" missed="4" covered="0" />
        <counter type="METHOD" missed="1" covered="0" />
      </method>
      <method name="New-NBDCIMPowerOutlet" desc="()" line="15328">
        <counter type="INSTRUCTION" missed="6" covered="0" />
        <counter type="LINE" missed="4" covered="0" />
        <counter type="METHOD" missed="1" covered="0" />
      </method>
      <method name="New-NBDCIMPowerOutletTemplate" desc="()" line="15374">
        <counter type="INSTRUCTION" missed="6" covered="0" />
        <counter type="LINE" missed="4" covered="0" />
        <counter type="METHOD" missed="1" covered="0" />
      </method>
      <method name="New-NBDCIMPowerPanel" desc="()" line="15419">
        <counter type="INSTRUCTION" missed="6" covered="0" />
        <counter type="LINE" missed="4" covered="0" />
        <counter type="METHOD" missed="1" covered="0" />
      </method>
      <method name="New-NBDCIMPowerPort" desc="()" line="15468">
        <counter type="INSTRUCTION" missed="6" covered="0" />
        <counter type="LINE" missed="4" covered="0" />
        <counter type="METHOD" missed="1" covered="0" />
      </method>
      <method name="New-NBDCIMPowerPortTemplate" desc="()" line="15514">
        <counter type="INSTRUCTION" missed="6" covered="0" />
        <counter type="LINE" missed="4" covered="0" />
        <counter type="METHOD" missed="1" covered="0" />
      </method>
      <method name="New-NBDCIMRack" desc="()" line="15679">
        <counter type="INSTRUCTION" missed="6" covered="0" />
        <counter type="LINE" missed="5" covered="0" />
        <counter type="METHOD" missed="1" covered="0" />
      </method>
      <method name="New-NBDCIMRackReservation" desc="()" line="15729">
        <counter type="INSTRUCTION" missed="6" covered="0" />
        <counter type="LINE" missed="4" covered="0" />
        <counter type="METHOD" missed="1" covered="0" />
      </method>
      <method name="New-NBDCIMRackRole" desc="()" line="15773">
        <counter type="INSTRUCTION" missed="6" covered="0" />
        <counter type="LINE" missed="4" covered="0" />
        <counter type="METHOD" missed="1" covered="0" />
      </method>
      <method name="New-NBDCIMRackType" desc="()" line="15829">
        <counter type="INSTRUCTION" missed="6" covered="0" />
        <counter type="LINE" missed="4" covered="0" />
        <counter type="METHOD" missed="1" covered="0" />
      </method>
      <method name="New-NBDCIMRearPort" desc="()" line="15944">
        <counter type="INSTRUCTION" missed="6" covered="0" />
        <counter type="LINE" missed="5" covered="0" />
        <counter type="METHOD" missed="1" covered="0" />
      </method>
      <method name="New-NBDCIMRearPortTemplate" desc="()" line="15994">
        <counter type="INSTRUCTION" missed="6" covered="0" />
        <counter type="LINE" missed="4" covered="0" />
        <counter type="METHOD" missed="1" covered="0" />
      </method>
      <method name="New-NBDCIMRegion" desc="()" line="16071">
        <counter type="INSTRUCTION" missed="6" covered="0" />
        <counter type="LINE" missed="5" covered="0" />
        <counter type="METHOD" missed="1" covered="0" />
      </method>
      <method name="New-NBDCIMSite" desc="()" line="16158">
        <counter type="INSTRUCTION" missed="9" covered="0" />
        <counter type="LINE" missed="8" covered="0" />
        <counter type="METHOD" missed="1" covered="0" />
      </method>
      <method name="New-NBDCIMSiteGroup" desc="()" line="16244">
        <counter type="INSTRUCTION" missed="6" covered="0" />
        <counter type="LINE" missed="5" covered="0" />
        <counter type="METHOD" missed="1" covered="0" />
      </method>
      <method name="New-NBDCIMVirtualChassis" desc="()" line="16293">
        <counter type="INSTRUCTION" missed="6" covered="0" />
        <counter type="LINE" missed="4" covered="0" />
        <counter type="METHOD" missed="1" covered="0" />
      </method>
      <method name="New-NBDCIMVirtualDeviceContext" desc="()" line="16342">
        <counter type="INSTRUCTION" missed="6" covered="0" />
        <counter type="LINE" missed="4" covered="0" />
        <counter type="METHOD" missed="1" covered="0" />
      </method>
      <method name="New-NBEventRule" desc="()" line="16453">
        <counter type="INSTRUCTION" missed="6" covered="0" />
        <counter type="LINE" missed="5" covered="0" />
        <counter type="METHOD" missed="1" covered="0" />
      </method>
      <method name="New-NBExportTemplate" desc="()" line="16539">
        <counter type="INSTRUCTION" missed="6" covered="0" />
        <counter type="LINE" missed="5" covered="0" />
        <counter type="METHOD" missed="1" covered="0" />
      </method>
      <method name="New-NBGroup" desc="()" line="16589">
        <counter type="INSTRUCTION" missed="6" covered="0" />
        <counter type="LINE" missed="5" covered="0" />
        <counter type="METHOD" missed="1" covered="0" />
      </method>
      <method name="New-NBIPAMAddress" desc="()" line="16757">
        <counter type="INSTRUCTION" missed="39" covered="0" />
        <counter type="LINE" missed="35" covered="0" />
        <counter type="METHOD" missed="1" covered="0" />
      </method>
      <method name="New-NBIPAMAddressRange" desc="()" line="16931">
        <counter type="INSTRUCTION" missed="7" covered="0" />
        <counter type="LINE" missed="6" covered="0" />
        <counter type="METHOD" missed="1" covered="0" />
      </method>
      <method name="New-NBIPAMAggregate" desc="()" line="16987">
        <counter type="INSTRUCTION" missed="6" covered="0" />
        <counter type="LINE" missed="5" covered="0" />
        <counter type="METHOD" missed="1" covered="0" />
      </method>
      <method name="New-NBIPAMASN" desc="()" line="17062">
        <counter type="INSTRUCTION" missed="6" covered="0" />
        <counter type="LINE" missed="5" covered="0" />
        <counter type="METHOD" missed="1" covered="0" />
      </method>
      <method name="New-NBIPAMASNRange" desc="()" line="17152">
        <counter type="INSTRUCTION" missed="6" covered="0" />
        <counter type="LINE" missed="5" covered="0" />
        <counter type="METHOD" missed="1" covered="0" />
      </method>
      <method name="New-NBIPAMFHRPGroup" desc="()" line="17203">
        <counter type="INSTRUCTION" missed="6" covered="0" />
        <counter type="LINE" missed="4" covered="0" />
        <counter type="METHOD" missed="1" covered="0" />
      </method>
      <method name="New-NBIPAMFHRPGroupAssignment" desc="()" line="17245">
        <counter type="INSTRUCTION" missed="6" covered="0" />
        <counter type="LINE" missed="4" covered="0" />
        <counter type="METHOD" missed="1" covered="0" />
      </method>
      <method name="New-NBIPAMPrefix" desc="()" line="17390">
        <counter type="INSTRUCTION" missed="34" covered="0" />
        <counter type="LINE" missed="30" covered="0" />
        <counter type="METHOD" missed="1" covered="0" />
      </method>
      <method name="New-NBIPAMRIR" desc="()" line="17495">
        <counter type="INSTRUCTION" missed="6" covered="0" />
        <counter type="LINE" missed="4" covered="0" />
        <counter type="METHOD" missed="1" covered="0" />
      </method>
      <method name="New-NBIPAMRole" desc="()" line="17539">
        <counter type="INSTRUCTION" missed="6" covered="0" />
        <counter type="LINE" missed="5" covered="0" />
        <counter type="METHOD" missed="1" covered="0" />
      </method>
      <method name="New-NBIPAMRouteTarget" desc="()" line="17610">
        <counter type="INSTRUCTION" missed="6" covered="0" />
        <counter type="LINE" missed="5" covered="0" />
        <counter type="METHOD" missed="1" covered="0" />
      </method>
      <method name="New-NBIPAMService" desc="()" line="17706">
        <counter type="INSTRUCTION" missed="23" covered="0" />
        <counter type="LINE" missed="18" covered="0" />
        <counter type="METHOD" missed="1" covered="0" />
      </method>
      <method name="New-NBIPAMServiceTemplate" desc="()" line="17805">
        <counter type="INSTRUCTION" missed="6" covered="0" />
        <counter type="LINE" missed="5" covered="0" />
        <counter type="METHOD" missed="1" covered="0" />
      </method>
      <method name="New-NBIPAMVLAN" desc="()" line="17949">
        <counter type="INSTRUCTION" missed="36" covered="0" />
        <counter type="LINE" missed="32" covered="0" />
        <counter type="METHOD" missed="1" covered="0" />
      </method>
      <method name="New-NBIPAMVLANGroup" desc="()" line="18064">
        <counter type="INSTRUCTION" missed="6" covered="0" />
        <counter type="LINE" missed="4" covered="0" />
        <counter type="METHOD" missed="1" covered="0" />
      </method>
      <method name="New-NBIPAMVLANTranslationPolicy" desc="()" line="18107">
        <counter type="INSTRUCTION" missed="6" covered="0" />
        <counter type="LINE" missed="4" covered="0" />
        <counter type="METHOD" missed="1" covered="0" />
      </method>
      <method name="New-NBIPAMVLANTranslationRule" desc="()" line="18151">
        <counter type="INSTRUCTION" missed="6" covered="0" />
        <counter type="LINE" missed="4" covered="0" />
        <counter type="METHOD" missed="1" covered="0" />
      </method>
      <method name="New-NBIPAMVRF" desc="()" line="18240">
        <counter type="INSTRUCTION" missed="6" covered="0" />
        <counter type="LINE" missed="5" covered="0" />
        <counter type="METHOD" missed="1" covered="0" />
      </method>
      <method name="New-NBJournalEntry" desc="()" line="18311">
        <counter type="INSTRUCTION" missed="6" covered="0" />
        <counter type="LINE" missed="5" covered="0" />
        <counter type="METHOD" missed="1" covered="0" />
      </method>
      <method name="New-NBPermission" desc="()" line="18394">
        <counter type="INSTRUCTION" missed="6" covered="0" />
        <counter type="LINE" missed="5" covered="0" />
        <counter type="METHOD" missed="1" covered="0" />
      </method>
      <method name="New-NBSavedFilter" desc="()" line="18478">
        <counter type="INSTRUCTION" missed="6" covered="0" />
        <counter type="LINE" missed="5" covered="0" />
        <counter type="METHOD" missed="1" covered="0" />
      </method>
      <method name="New-NBTag" desc="()" line="18544">
        <counter type="INSTRUCTION" missed="6" covered="0" />
        <counter type="LINE" missed="5" covered="0" />
        <counter type="METHOD" missed="1" covered="0" />
      </method>
      <method name="New-NBTenant" desc="()" line="18613">
        <counter type="INSTRUCTION" missed="7" covered="0" />
        <counter type="LINE" missed="6" covered="0" />
        <counter type="METHOD" missed="1" covered="0" />
      </method>
      <method name="New-NBTenantGroup" desc="()" line="18701">
        <counter type="INSTRUCTION" missed="9" covered="0" />
        <counter type="LINE" missed="7" covered="0" />
        <counter type="METHOD" missed="1" covered="0" />
      </method>
      <method name="New-NBToken" desc="()" line="18776">
        <counter type="INSTRUCTION" missed="6" covered="0" />
        <counter type="LINE" missed="5" covered="0" />
        <counter type="METHOD" missed="1" covered="0" />
      </method>
      <method name="New-NBUser" desc="()" line="18863">
        <counter type="INSTRUCTION" missed="11" covered="0" />
        <counter type="LINE" missed="10" covered="0" />
        <counter type="METHOD" missed="1" covered="0" />
      </method>
      <method name="New-NBVirtualCircuit" desc="()" line="18962">
        <counter type="INSTRUCTION" missed="6" covered="0" />
        <counter type="LINE" missed="5" covered="0" />
        <counter type="METHOD" missed="1" covered="0" />
      </method>
      <method name="New-NBVirtualCircuitTermination" desc="()" line="19028">
        <counter type="INSTRUCTION" missed="6" covered="0" />
        <counter type="LINE" missed="5" covered="0" />
        <counter type="METHOD" missed="1" covered="0" />
      </method>
      <method name="New-NBVirtualCircuitType" desc="()" line="19094">
        <counter type="INSTRUCTION" missed="6" covered="0" />
        <counter type="LINE" missed="5" covered="0" />
        <counter type="METHOD" missed="1" covered="0" />
      </method>
      <method name="New-NBVirtualizationCluster" desc="()" line="19196">
        <counter type="INSTRUCTION" missed="6" covered="0" />
        <counter type="LINE" missed="5" covered="0" />
        <counter type="METHOD" missed="1" covered="0" />
      </method>
      <method name="New-NBVirtualizationClusterGroup" desc="()" line="19273">
        <counter type="INSTRUCTION" missed="9" covered="0" />
        <counter type="LINE" missed="7" covered="0" />
        <counter type="METHOD" missed="1" covered="0" />
      </method>
      <method name="New-NBVirtualizationClusterType" desc="()" line="19354">
        <counter type="INSTRUCTION" missed="9" covered="0" />
        <counter type="LINE" missed="7" covered="0" />
        <counter type="METHOD" missed="1" covered="0" />
      </method>
      <method name="New-NBVirtualMachine" desc="()" line="19533">
        <counter type="INSTRUCTION" missed="37" covered="0" />
        <counter type="LINE" missed="33" covered="0" />
        <counter type="METHOD" missed="1" covered="0" />
      </method>
      <method name="New-NBVirtualMachineInterface" desc="()" line="19770">
        <counter type="INSTRUCTION" missed="40" covered="0" />
        <counter type="LINE" missed="36" covered="0" />
        <counter type="METHOD" missed="1" covered="0" />
      </method>
      <method name="New-NBVPNIKEPolicy" desc="()" line="19880">
        <counter type="INSTRUCTION" missed="6" covered="0" />
        <counter type="LINE" missed="2" covered="0" />
        <counter type="METHOD" missed="1" covered="0" />
      </method>
      <method name="New-NBVPNIKEProposal" desc="()" line="19967">
        <counter type="INSTRUCTION" missed="6" covered="0" />
        <counter type="LINE" missed="5" covered="0" />
        <counter type="METHOD" missed="1" covered="0" />
      </method>
      <method name="New-NBVPNIPSecPolicy" desc="()" line="20007">
        <counter type="INSTRUCTION" missed="6" covered="0" />
        <counter type="LINE" missed="2" covered="0" />
        <counter type="METHOD" missed="1" covered="0" />
      </method>
      <method name="New-NBVPNIPSecProfile" desc="()" line="20081">
        <counter type="INSTRUCTION" missed="6" covered="0" />
        <counter type="LINE" missed="5" covered="0" />
        <counter type="METHOD" missed="1" covered="0" />
      </method>
      <method name="New-NBVPNIPSecProposal" desc="()" line="20166">
        <counter type="INSTRUCTION" missed="6" covered="0" />
        <counter type="LINE" missed="5" covered="0" />
        <counter type="METHOD" missed="1" covered="0" />
      </method>
      <method name="New-NBVPNL2VPN" desc="()" line="20208">
        <counter type="INSTRUCTION" missed="6" covered="0" />
        <counter type="LINE" missed="2" covered="0" />
        <counter type="METHOD" missed="1" covered="0" />
      </method>
      <method name="New-NBVPNL2VPNTermination" desc="()" line="20241">
        <counter type="INSTRUCTION" missed="6" covered="0" />
        <counter type="LINE" missed="2" covered="0" />
        <counter type="METHOD" missed="1" covered="0" />
      </method>
      <method name="New-NBVPNTunnel" desc="()" line="20287">
        <counter type="INSTRUCTION" missed="6" covered="0" />
        <counter type="LINE" missed="5" covered="0" />
        <counter type="METHOD" missed="1" covered="0" />
      </method>
      <method name="New-NBVPNTunnelGroup" desc="()" line="20324">
        <counter type="INSTRUCTION" missed="6" covered="0" />
        <counter type="LINE" missed="2" covered="0" />
        <counter type="METHOD" missed="1" covered="0" />
      </method>
      <method name="New-NBVPNTunnelTermination" desc="()" line="20358">
        <counter type="INSTRUCTION" missed="6" covered="0" />
        <counter type="LINE" missed="2" covered="0" />
        <counter type="METHOD" missed="1" covered="0" />
      </method>
      <method name="New-NBWebhook" desc="()" line="20451">
        <counter type="INSTRUCTION" missed="6" covered="0" />
        <counter type="LINE" missed="5" covered="0" />
        <counter type="METHOD" missed="1" covered="0" />
      </method>
      <method name="New-NBWirelessLAN" desc="()" line="20490">
        <counter type="INSTRUCTION" missed="6" covered="0" />
        <counter type="LINE" missed="2" covered="0" />
        <counter type="METHOD" missed="1" covered="0" />
      </method>
      <method name="New-NBWirelessLANGroup" desc="()" line="20523">
        <counter type="INSTRUCTION" missed="6" covered="0" />
        <counter type="LINE" missed="2" covered="0" />
        <counter type="METHOD" missed="1" covered="0" />
      </method>
      <method name="New-NBWirelessLink" desc="()" line="20558">
        <counter type="INSTRUCTION" missed="6" covered="0" />
        <counter type="LINE" missed="2" covered="0" />
        <counter type="METHOD" missed="1" covered="0" />
      </method>
      <method name="Remove-NBBookmark" desc="()" line="20597">
        <counter type="INSTRUCTION" missed="5" covered="0" />
        <counter type="LINE" missed="4" covered="0" />
        <counter type="METHOD" missed="1" covered="0" />
      </method>
      <method name="Remove-NBBranch" desc="()" line="20650">
        <counter type="INSTRUCTION" missed="6" covered="0" />
        <counter type="LINE" missed="5" covered="0" />
        <counter type="METHOD" missed="1" covered="0" />
      </method>
      <method name="Remove-NBCircuit" desc="()" line="20699">
        <counter type="INSTRUCTION" missed="5" covered="0" />
        <counter type="LINE" missed="4" covered="0" />
        <counter type="METHOD" missed="1" covered="0" />
      </method>
      <method name="Remove-NBCircuitGroup" desc="()" line="20743">
        <counter type="INSTRUCTION" missed="5" covered="0" />
        <counter type="LINE" missed="4" covered="0" />
        <counter type="METHOD" missed="1" covered="0" />
      </method>
      <method name="Remove-NBCircuitGroupAssignment" desc="()" line="20786">
        <counter type="INSTRUCTION" missed="5" covered="0" />
        <counter type="LINE" missed="4" covered="0" />
        <counter type="METHOD" missed="1" covered="0" />
      </method>
      <method name="Remove-NBCircuitProvider" desc="()" line="20829">
        <counter type="INSTRUCTION" missed="5" covered="0" />
        <counter type="LINE" missed="4" covered="0" />
        <counter type="METHOD" missed="1" covered="0" />
      </method>
      <method name="Remove-NBCircuitProviderAccount" desc="()" line="20873">
        <counter type="INSTRUCTION" missed="5" covered="0" />
        <counter type="LINE" missed="4" covered="0" />
        <counter type="METHOD" missed="1" covered="0" />
      </method>
      <method name="Remove-NBCircuitProviderNetwork" desc="()" line="20916">
        <counter type="INSTRUCTION" missed="5" covered="0" />
        <counter type="LINE" missed="4" covered="0" />
        <counter type="METHOD" missed="1" covered="0" />
      </method>
      <method name="Remove-NBCircuitTermination" desc="()" line="20959">
        <counter type="INSTRUCTION" missed="5" covered="0" />
        <counter type="LINE" missed="4" covered="0" />
        <counter type="METHOD" missed="1" covered="0" />
      </method>
      <method name="Remove-NBCircuitType" desc="()" line="21003">
        <counter type="INSTRUCTION" missed="5" covered="0" />
        <counter type="LINE" missed="4" covered="0" />
        <counter type="METHOD" missed="1" covered="0" />
      </method>
      <method name="Remove-NBConfigContext" desc="()" line="21047">
        <counter type="INSTRUCTION" missed="5" covered="0" />
        <counter type="LINE" missed="4" covered="0" />
        <counter type="METHOD" missed="1" covered="0" />
      </method>
      <method name="Remove-NBContact" desc="()" line="21109">
        <counter type="INSTRUCTION" missed="8" covered="0" />
        <counter type="LINE" missed="6" covered="0" />
        <counter type="METHOD" missed="1" covered="0" />
      </method>
      <method name="Remove-NBContactAssignment" desc="()" line="21177">
        <counter type="INSTRUCTION" missed="13" covered="0" />
        <counter type="LINE" missed="9" covered="0" />
        <counter type="METHOD" missed="1" covered="0" />
      </method>
      <method name="Remove-NBContactRole" desc="()" line="21245">
        <counter type="INSTRUCTION" missed="8" covered="0" />
        <counter type="LINE" missed="6" covered="0" />
        <counter type="METHOD" missed="1" covered="0" />
      </method>
      <method name="Remove-NBCustomField" desc="()" line="21293">
        <counter type="INSTRUCTION" missed="5" covered="0" />
        <counter type="LINE" missed="4" covered="0" />
        <counter type="METHOD" missed="1" covered="0" />
      </method>
      <method name="Remove-NBCustomFieldChoiceSet" desc="()" line="21336">
        <counter type="INSTRUCTION" missed="5" covered="0" />
        <counter type="LINE" missed="4" covered="0" />
        <counter type="METHOD" missed="1" covered="0" />
      </method>
      <method name="Remove-NBCustomLink" desc="()" line="21379">
        <counter type="INSTRUCTION" missed="5" covered="0" />
        <counter type="LINE" missed="4" covered="0" />
        <counter type="METHOD" missed="1" covered="0" />
      </method>
      <method name="Remove-NBDataSource" desc="()" line="21422">
        <counter type="INSTRUCTION" missed="5" covered="0" />
        <counter type="LINE" missed="4" covered="0" />
        <counter type="METHOD" missed="1" covered="0" />
      </method>
      <method name="Remove-NBDCIMCable" desc="()" line="21462">
        <counter type="INSTRUCTION" missed="4" covered="0" />
        <counter type="LINE" missed="2" covered="0" />
        <counter type="METHOD" missed="1" covered="0" />
      </method>
      <method name="Remove-NBDCIMConsolePort" desc="()" line="21499">
        <counter type="INSTRUCTION" missed="4" covered="0" />
        <counter type="LINE" missed="2" covered="0" />
        <counter type="METHOD" missed="1" covered="0" />
      </method>
      <method name="Remove-NBDCIMConsolePortTemplate" desc="()" line="21536">
        <counter type="INSTRUCTION" missed="4" covered="0" />
        <counter type="LINE" missed="2" covered="0" />
        <counter type="METHOD" missed="1" covered="0" />
      </method>
      <method name="Remove-NBDCIMConsoleServerPort" desc="()" line="21573">
        <counter type="INSTRUCTION" missed="4" covered="0" />
        <counter type="LINE" missed="2" covered="0" />
        <counter type="METHOD" missed="1" covered="0" />
      </method>
      <method name="Remove-NBDCIMConsoleServerPortTemplate" desc="()" line="21610">
        <counter type="INSTRUCTION" missed="4" covered="0" />
        <counter type="LINE" missed="2" covered="0" />
        <counter type="METHOD" missed="1" covered="0" />
      </method>
      <method name="Remove-NBDCIMDevice" desc="()" line="21701">
        <counter type="INSTRUCTION" missed="38" covered="0" />
        <counter type="LINE" missed="28" covered="0" />
        <counter type="METHOD" missed="1" covered="0" />
      </method>
      <method name="Remove-NBDCIMDeviceBay" desc="()" line="21798">
        <counter type="INSTRUCTION" missed="4" covered="0" />
        <counter type="LINE" missed="2" covered="0" />
        <counter type="METHOD" missed="1" covered="0" />
      </method>
      <method name="Remove-NBDCIMDeviceBayTemplate" desc="()" line="21835">
        <counter type="INSTRUCTION" missed="4" covered="0" />
        <counter type="LINE" missed="2" covered="0" />
        <counter type="METHOD" missed="1" covered="0" />
      </method>
      <method name="Remove-NBDCIMDeviceRole" desc="()" line="21872">
        <counter type="INSTRUCTION" missed="4" covered="0" />
        <counter type="LINE" missed="2" covered="0" />
        <counter type="METHOD" missed="1" covered="0" />
      </method>
      <method name="Remove-NBDCIMDeviceType" desc="()" line="21909">
        <counter type="INSTRUCTION" missed="4" covered="0" />
        <counter type="LINE" missed="2" covered="0" />
        <counter type="METHOD" missed="1" covered="0" />
      </method>
      <method name="Remove-NBDCIMFrontPort" desc="()" line="21957">
        <counter type="INSTRUCTION" missed="9" covered="0" />
        <counter type="LINE" missed="6" covered="0" />
        <counter type="METHOD" missed="1" covered="0" />
      </method>
      <method name="Remove-NBDCIMFrontPortTemplate" desc="()" line="22006">
        <counter type="INSTRUCTION" missed="4" covered="0" />
        <counter type="LINE" missed="2" covered="0" />
        <counter type="METHOD" missed="1" covered="0" />
      </method>
      <method name="Remove-NBDCIMInterface" desc="()" line="22054">
        <counter type="INSTRUCTION" missed="9" covered="0" />
        <counter type="LINE" missed="6" covered="0" />
        <counter type="METHOD" missed="1" covered="0" />
      </method>
      <method name="Remove-NBDCIMInterfaceConnection" desc="()" line="22114">
        <counter type="INSTRUCTION" missed="9" covered="0" />
        <counter type="LINE" missed="7" covered="0" />
        <counter type="METHOD" missed="1" covered="0" />
      </method>
      <method name="Remove-NBDCIMInterfaceTemplate" desc="()" line="22165">
        <counter type="INSTRUCTION" missed="4" covered="0" />
        <counter type="LINE" missed="2" covered="0" />
        <counter type="METHOD" missed="1" covered="0" />
      </method>
      <method name="Remove-NBDCIMInventoryItem" desc="()" line="22202">
        <counter type="INSTRUCTION" missed="4" covered="0" />
        <counter type="LINE" missed="2" covered="0" />
        <counter type="METHOD" missed="1" covered="0" />
      </method>
      <method name="Remove-NBDCIMInventoryItemRole" desc="()" line="22239">
        <counter type="INSTRUCTION" missed="4" covered="0" />
        <counter type="LINE" missed="2" covered="0" />
        <counter type="METHOD" missed="1" covered="0" />
      </method>
      <method name="Remove-NBDCIMInventoryItemTemplate" desc="()" line="22276">
        <counter type="INSTRUCTION" missed="4" covered="0" />
        <counter type="LINE" missed="2" covered="0" />
        <counter type="METHOD" missed="1" covered="0" />
      </method>
      <method name="Remove-NBDCIMLocation" desc="()" line="22322">
        <counter type="INSTRUCTION" missed="5" covered="0" />
        <counter type="LINE" missed="4" covered="0" />
        <counter type="METHOD" missed="1" covered="0" />
      </method>
      <method name="Remove-NBDCIMMACAddress" desc="()" line="22363">
        <counter type="INSTRUCTION" missed="4" covered="0" />
        <counter type="LINE" missed="2" covered="0" />
        <counter type="METHOD" missed="1" covered="0" />
      </method>
      <method name="Remove-NBDCIMManufacturer" desc="()" line="22420">
        <counter type="INSTRUCTION" missed="8" covered="0" />
        <counter type="LINE" missed="6" covered="0" />
        <counter type="METHOD" missed="1" covered="0" />
      </method>
      <method name="Remove-NBDCIMModule" desc="()" line="22465">
        <counter type="INSTRUCTION" missed="4" covered="0" />
        <counter type="LINE" missed="2" covered="0" />
        <counter type="METHOD" missed="1" covered="0" />
      </method>
      <method name="Remove-NBDCIMModuleBay" desc="()" line="22502">
[...]
      <line nr="31031" mi="1" ci="0" mb="0" cb="0" />
      <line nr="31032" mi="2" ci="0" mb="0" cb="0" />
      <line nr="31033" mi="1" ci="0" mb="0" cb="0" />
      <line nr="31035" mi="2" ci="0" mb="0" cb="0" />
      <line nr="31036" mi="1" ci="0" mb="0" cb="0" />
      <line nr="31040" mi="2" ci="0" mb="0" cb="0" />
      <line nr="31042" mi="1" ci="0" mb="0" cb="0" />
      <line nr="31043" mi="1" ci="0" mb="0" cb="0" />
      <line nr="31045" mi="1" ci="0" mb="0" cb="0" />
      <line nr="31047" mi="1" ci="0" mb="0" cb="0" />
      <line nr="31053" mi="1" ci="0" mb="0" cb="0" />
      <line nr="31055" mi="2" ci="0" mb="0" cb="0" />
      <line nr="31056" mi="2" ci="0" mb="0" cb="0" />
      <line nr="31057" mi="1" ci="0" mb="0" cb="0" />
      <line nr="31059" mi="1" ci="0" mb="0" cb="0" />
      <line nr="31060" mi="1" ci="0" mb="0" cb="0" />
      <line nr="31064" mi="1" ci="0" mb="0" cb="0" />
      <line nr="31065" mi="1" ci="0" mb="0" cb="0" />
      <line nr="31066" mi="1" ci="0" mb="0" cb="0" />
      <line nr="31067" mi="1" ci="0" mb="0" cb="0" />
      <line nr="31070" mi="1" ci="0" mb="0" cb="0" />
      <line nr="31071" mi="1" ci="0" mb="0" cb="0" />
      <line nr="31072" mi="1" ci="0" mb="0" cb="0" />
      <line nr="31073" mi="1" ci="0" mb="0" cb="0" />
      <line nr="31074" mi="1" ci="0" mb="0" cb="0" />
      <line nr="31075" mi="1" ci="0" mb="0" cb="0" />
      <line nr="31078" mi="1" ci="0" mb="0" cb="0" />
      <line nr="31080" mi="1" ci="0" mb="0" cb="0" />
      <line nr="31086" mi="1" ci="0" mb="0" cb="0" />
      <line nr="31087" mi="2" ci="0" mb="0" cb="0" />
      <line nr="31089" mi="1" ci="0" mb="0" cb="0" />
      <line nr="31090" mi="2" ci="0" mb="0" cb="0" />
      <line nr="31092" mi="1" ci="0" mb="0" cb="0" />
      <line nr="31096" mi="1" ci="0" mb="0" cb="0" />
      <line nr="31097" mi="1" ci="0" mb="0" cb="0" />
      <line nr="31101" mi="1" ci="0" mb="0" cb="0" />
      <line nr="31102" mi="2" ci="0" mb="0" cb="0" />
      <line nr="31106" mi="1" ci="0" mb="0" cb="0" />
      <line nr="31107" mi="1" ci="0" mb="0" cb="0" />
      <line nr="31110" mi="1" ci="0" mb="0" cb="0" />
      <line nr="31179" mi="1" ci="0" mb="0" cb="0" />
      <line nr="31183" mi="1" ci="0" mb="0" cb="0" />
      <line nr="31184" mi="2" ci="0" mb="0" cb="0" />
      <line nr="31186" mi="1" ci="0" mb="0" cb="0" />
      <line nr="31187" mi="1" ci="0" mb="0" cb="0" />
      <line nr="31189" mi="3" ci="0" mb="0" cb="0" />
      <line nr="31190" mi="1" ci="0" mb="0" cb="0" />
      <line nr="31192" mi="1" ci="0" mb="0" cb="0" />
      <line nr="31194" mi="1" ci="0" mb="0" cb="0" />
      <line nr="31239" mi="2" ci="0" mb="0" cb="0" />
      <line nr="31240" mi="1" ci="0" mb="0" cb="0" />
      <line nr="31241" mi="1" ci="0" mb="0" cb="0" />
      <line nr="31242" mi="1" ci="0" mb="0" cb="0" />
      <line nr="31243" mi="1" ci="0" mb="0" cb="0" />
      <line nr="31314" mi="2" ci="0" mb="0" cb="0" />
      <line nr="31316" mi="1" ci="0" mb="0" cb="0" />
      <line nr="31318" mi="1" ci="0" mb="0" cb="0" />
      <line nr="31320" mi="1" ci="0" mb="0" cb="0" />
      <line nr="31321" mi="1" ci="0" mb="0" cb="0" />
      <line nr="31403" mi="2" ci="0" mb="0" cb="0" />
      <line nr="31405" mi="1" ci="0" mb="0" cb="0" />
      <line nr="31407" mi="1" ci="0" mb="0" cb="0" />
      <line nr="31409" mi="1" ci="0" mb="0" cb="0" />
      <line nr="31410" mi="1" ci="0" mb="0" cb="0" />
      <line nr="31455" mi="2" ci="0" mb="0" cb="0" />
      <line nr="31456" mi="1" ci="0" mb="0" cb="0" />
      <line nr="31457" mi="1" ci="0" mb="0" cb="0" />
      <line nr="31458" mi="2" ci="0" mb="0" cb="0" />
      <line nr="31498" mi="2" ci="0" mb="0" cb="0" />
      <line nr="31499" mi="1" ci="0" mb="0" cb="0" />
      <line nr="31500" mi="1" ci="0" mb="0" cb="0" />
      <line nr="31501" mi="2" ci="0" mb="0" cb="0" />
      <line nr="31566" mi="1" ci="0" mb="0" cb="0" />
      <line nr="31585" mi="1" ci="0" mb="0" cb="0" />
      <line nr="31586" mi="2" ci="0" mb="0" cb="0" />
      <line nr="31588" mi="1" ci="0" mb="0" cb="0" />
      <line nr="31589" mi="1" ci="0" mb="0" cb="0" />
      <line nr="31591" mi="1" ci="0" mb="0" cb="0" />
      <line nr="31592" mi="1" ci="0" mb="0" cb="0" />
      <line nr="31594" mi="1" ci="0" mb="0" cb="0" />
      <line nr="31596" mi="1" ci="0" mb="0" cb="0" />
      <line nr="31647" mi="2" ci="0" mb="0" cb="0" />
      <line nr="31648" mi="1" ci="0" mb="0" cb="0" />
      <line nr="31649" mi="1" ci="0" mb="0" cb="0" />
      <line nr="31650" mi="2" ci="0" mb="0" cb="0" />
      <line nr="31692" mi="2" ci="0" mb="0" cb="0" />
      <line nr="31693" mi="1" ci="0" mb="0" cb="0" />
      <line nr="31694" mi="1" ci="0" mb="0" cb="0" />
      <line nr="31695" mi="1" ci="0" mb="0" cb="0" />
      <line nr="31696" mi="1" ci="0" mb="0" cb="0" />
      <line nr="31766" mi="2" ci="0" mb="0" cb="0" />
      <line nr="31768" mi="1" ci="0" mb="0" cb="0" />
      <line nr="31770" mi="1" ci="0" mb="0" cb="0" />
      <line nr="31772" mi="1" ci="0" mb="0" cb="0" />
      <line nr="31773" mi="1" ci="0" mb="0" cb="0" />
      <line nr="31849" mi="2" ci="0" mb="0" cb="0" />
      <line nr="31851" mi="1" ci="0" mb="0" cb="0" />
      <line nr="31853" mi="1" ci="0" mb="0" cb="0" />
      <line nr="31855" mi="1" ci="0" mb="0" cb="0" />
      <line nr="31856" mi="1" ci="0" mb="0" cb="0" />
      <line nr="31927" mi="2" ci="0" mb="0" cb="0" />
      <line nr="31929" mi="1" ci="0" mb="0" cb="0" />
      <line nr="31931" mi="1" ci="0" mb="0" cb="0" />
      <line nr="31933" mi="1" ci="0" mb="0" cb="0" />
      <line nr="31934" mi="1" ci="0" mb="0" cb="0" />
      <line nr="31981" mi="2" ci="0" mb="0" cb="0" />
      <line nr="31982" mi="1" ci="0" mb="0" cb="0" />
      <line nr="31983" mi="1" ci="0" mb="0" cb="0" />
      <line nr="31984" mi="1" ci="0" mb="0" cb="0" />
      <line nr="31985" mi="1" ci="0" mb="0" cb="0" />
      <line nr="32030" mi="2" ci="0" mb="0" cb="0" />
      <line nr="32031" mi="1" ci="0" mb="0" cb="0" />
      <line nr="32032" mi="1" ci="0" mb="0" cb="0" />
      <line nr="32033" mi="2" ci="0" mb="0" cb="0" />
      <line nr="32074" mi="2" ci="0" mb="0" cb="0" />
      <line nr="32075" mi="1" ci="0" mb="0" cb="0" />
      <line nr="32076" mi="1" ci="0" mb="0" cb="0" />
      <line nr="32077" mi="2" ci="0" mb="0" cb="0" />
      <line nr="32119" mi="2" ci="0" mb="0" cb="0" />
      <line nr="32120" mi="1" ci="0" mb="0" cb="0" />
      <line nr="32121" mi="1" ci="0" mb="0" cb="0" />
      <line nr="32122" mi="2" ci="0" mb="0" cb="0" />
      <line nr="32212" mi="2" ci="0" mb="0" cb="0" />
      <line nr="32214" mi="1" ci="0" mb="0" cb="0" />
      <line nr="32216" mi="1" ci="0" mb="0" cb="0" />
      <line nr="32218" mi="1" ci="0" mb="0" cb="0" />
      <line nr="32219" mi="1" ci="0" mb="0" cb="0" />
      <line nr="32284" mi="2" ci="0" mb="0" cb="0" />
      <line nr="32285" mi="1" ci="0" mb="0" cb="0" />
      <line nr="32286" mi="1" ci="0" mb="0" cb="0" />
      <line nr="32288" mi="1" ci="0" mb="0" cb="0" />
      <line nr="32289" mi="1" ci="0" mb="0" cb="0" />
      <line nr="32369" mi="2" ci="0" mb="0" cb="0" />
      <line nr="32370" mi="1" ci="0" mb="0" cb="0" />
      <line nr="32371" mi="1" ci="0" mb="0" cb="0" />
      <line nr="32373" mi="1" ci="0" mb="0" cb="0" />
      <line nr="32374" mi="1" ci="0" mb="0" cb="0" />
      <line nr="32453" mi="2" ci="0" mb="0" cb="0" />
      <line nr="32454" mi="1" ci="0" mb="0" cb="0" />
      <line nr="32455" mi="1" ci="0" mb="0" cb="0" />
      <line nr="32457" mi="1" ci="0" mb="0" cb="0" />
      <line nr="32458" mi="1" ci="0" mb="0" cb="0" />
      <line nr="32523" mi="2" ci="0" mb="0" cb="0" />
      <line nr="32524" mi="1" ci="0" mb="0" cb="0" />
      <line nr="32525" mi="1" ci="0" mb="0" cb="0" />
      <line nr="32527" mi="1" ci="0" mb="0" cb="0" />
      <line nr="32528" mi="1" ci="0" mb="0" cb="0" />
      <line nr="32616" mi="1" ci="0" mb="0" cb="0" />
      <line nr="32617" mi="1" ci="0" mb="0" cb="0" />
      <line nr="32619" mi="2" ci="0" mb="0" cb="0" />
      <line nr="32621" mi="1" ci="0" mb="0" cb="0" />
      <line nr="32623" mi="1" ci="0" mb="0" cb="0" />
      <line nr="32625" mi="2" ci="0" mb="0" cb="0" />
      <line nr="32626" mi="1" ci="0" mb="0" cb="0" />
      <line nr="32710" mi="1" ci="0" mb="0" cb="0" />
      <line nr="32711" mi="1" ci="0" mb="0" cb="0" />
      <line nr="32713" mi="2" ci="0" mb="0" cb="0" />
      <line nr="32715" mi="1" ci="0" mb="0" cb="0" />
      <line nr="32717" mi="1" ci="0" mb="0" cb="0" />
      <line nr="32719" mi="2" ci="0" mb="0" cb="0" />
      <line nr="32720" mi="1" ci="0" mb="0" cb="0" />
      <line nr="32761" mi="1" ci="0" mb="0" cb="0" />
      <line nr="32762" mi="1" ci="0" mb="0" cb="0" />
      <line nr="32763" mi="1" ci="0" mb="0" cb="0" />
      <line nr="32826" mi="2" ci="0" mb="0" cb="0" />
      <line nr="32827" mi="1" ci="0" mb="0" cb="0" />
      <line nr="32828" mi="1" ci="0" mb="0" cb="0" />
      <line nr="32830" mi="1" ci="0" mb="0" cb="0" />
      <line nr="32831" mi="1" ci="0" mb="0" cb="0" />
      <line nr="32875" mi="1" ci="0" mb="0" cb="0" />
      <line nr="32887" mi="1" ci="0" mb="0" cb="0" />
      <line nr="32916" mi="1" ci="0" mb="0" cb="0" />
      <line nr="32917" mi="1" ci="0" mb="0" cb="0" />
      <line nr="32922" mi="1" ci="0" mb="0" cb="0" />
      <line nr="32923" mi="1" ci="0" mb="0" cb="0" />
      <line nr="32928" mi="1" ci="0" mb="0" cb="0" />
      <line nr="32944" mi="2" ci="0" mb="0" cb="0" />
      <line nr="32946" mi="1" ci="0" mb="0" cb="0" />
      <line nr="32948" mi="1" ci="0" mb="0" cb="0" />
      <line nr="32953" mi="1" ci="0" mb="0" cb="0" />
      <line nr="32954" mi="1" ci="0" mb="0" cb="0" />
      <line nr="32956" mi="1" ci="0" mb="0" cb="0" />
      <line nr="33039" mi="2" ci="0" mb="0" cb="0" />
      <line nr="33042" mi="1" ci="0" mb="0" cb="0" />
      <line nr="33043" mi="1" ci="0" mb="0" cb="0" />
      <line nr="33044" mi="1" ci="0" mb="0" cb="0" />
      <line nr="33045" mi="1" ci="0" mb="0" cb="0" />
      <line nr="33047" mi="1" ci="0" mb="0" cb="0" />
      <line nr="33048" mi="1" ci="0" mb="0" cb="0" />
      <line nr="33052" mi="1" ci="0" mb="0" cb="0" />
      <line nr="33054" mi="1" ci="0" mb="0" cb="0" />
      <line nr="33055" mi="1" ci="0" mb="0" cb="0" />
      <line nr="33140" mi="2" ci="0" mb="0" cb="0" />
      <line nr="33141" mi="1" ci="0" mb="0" cb="0" />
      <line nr="33142" mi="1" ci="0" mb="0" cb="0" />
      <line nr="33144" mi="1" ci="0" mb="0" cb="0" />
      <line nr="33145" mi="1" ci="0" mb="0" cb="0" />
      <line nr="33210" mi="2" ci="0" mb="0" cb="0" />
      <line nr="33211" mi="1" ci="0" mb="0" cb="0" />
      <line nr="33212" mi="1" ci="0" mb="0" cb="0" />
      <line nr="33214" mi="1" ci="0" mb="0" cb="0" />
      <line nr="33215" mi="1" ci="0" mb="0" cb="0" />
      <line nr="33280" mi="2" ci="0" mb="0" cb="0" />
      <line nr="33281" mi="1" ci="0" mb="0" cb="0" />
      <line nr="33282" mi="1" ci="0" mb="0" cb="0" />
      <line nr="33284" mi="1" ci="0" mb="0" cb="0" />
      <line nr="33285" mi="1" ci="0" mb="0" cb="0" />
      <line nr="33389" mi="1" ci="0" mb="0" cb="0" />
      <line nr="33390" mi="1" ci="0" mb="0" cb="0" />
      <line nr="33392" mi="2" ci="0" mb="0" cb="0" />
      <line nr="33394" mi="1" ci="0" mb="0" cb="0" />
      <line nr="33396" mi="1" ci="0" mb="0" cb="0" />
      <line nr="33398" mi="2" ci="0" mb="0" cb="0" />
      <line nr="33399" mi="1" ci="0" mb="0" cb="0" />
      <line nr="33478" mi="1" ci="0" mb="0" cb="0" />
      <line nr="33479" mi="1" ci="0" mb="0" cb="0" />
      <line nr="33481" mi="2" ci="0" mb="0" cb="0" />
      <line nr="33483" mi="1" ci="0" mb="0" cb="0" />
      <line nr="33485" mi="1" ci="0" mb="0" cb="0" />
      <line nr="33487" mi="2" ci="0" mb="0" cb="0" />
      <line nr="33488" mi="1" ci="0" mb="0" cb="0" />
      <line nr="33567" mi="1" ci="0" mb="0" cb="0" />
      <line nr="33568" mi="1" ci="0" mb="0" cb="0" />
      <line nr="33570" mi="2" ci="0" mb="0" cb="0" />
      <line nr="33572" mi="1" ci="0" mb="0" cb="0" />
      <line nr="33574" mi="1" ci="0" mb="0" cb="0" />
      <line nr="33576" mi="2" ci="0" mb="0" cb="0" />
      <line nr="33577" mi="1" ci="0" mb="0" cb="0" />
      <line nr="33744" mi="2" ci="0" mb="0" cb="0" />
      <line nr="33745" mi="1" ci="0" mb="0" cb="0" />
      <line nr="33747" mi="1" ci="0" mb="0" cb="0" />
      <line nr="33748" mi="1" ci="0" mb="0" cb="0" />
      <line nr="33753" mi="1" ci="0" mb="0" cb="0" />
      <line nr="33754" mi="2" ci="0" mb="0" cb="0" />
      <line nr="33756" mi="1" ci="0" mb="0" cb="0" />
      <line nr="33757" mi="1" ci="0" mb="0" cb="0" />
      <line nr="33759" mi="1" ci="0" mb="0" cb="0" />
      <line nr="33761" mi="1" ci="0" mb="0" cb="0" />
      <line nr="33766" mi="1" ci="0" mb="0" cb="0" />
      <line nr="33768" mi="2" ci="0" mb="0" cb="0" />
      <line nr="33769" mi="2" ci="0" mb="0" cb="0" />
      <line nr="33770" mi="1" ci="0" mb="0" cb="0" />
      <line nr="33772" mi="1" ci="0" mb="0" cb="0" />
      <line nr="33773" mi="1" ci="0" mb="0" cb="0" />
      <line nr="33777" mi="1" ci="0" mb="0" cb="0" />
      <line nr="33778" mi="1" ci="0" mb="0" cb="0" />
      <line nr="33779" mi="1" ci="0" mb="0" cb="0" />
      <line nr="33780" mi="1" ci="0" mb="0" cb="0" />
      <line nr="33783" mi="1" ci="0" mb="0" cb="0" />
      <line nr="33784" mi="1" ci="0" mb="0" cb="0" />
      <line nr="33785" mi="1" ci="0" mb="0" cb="0" />
      <line nr="33786" mi="1" ci="0" mb="0" cb="0" />
      <line nr="33789" mi="1" ci="0" mb="0" cb="0" />
      <line nr="33791" mi="1" ci="0" mb="0" cb="0" />
      <line nr="33797" mi="1" ci="0" mb="0" cb="0" />
      <line nr="33798" mi="2" ci="0" mb="0" cb="0" />
      <line nr="33800" mi="1" ci="0" mb="0" cb="0" />
      <line nr="33801" mi="2" ci="0" mb="0" cb="0" />
      <line nr="33803" mi="1" ci="0" mb="0" cb="0" />
      <line nr="33807" mi="1" ci="0" mb="0" cb="0" />
      <line nr="33808" mi="1" ci="0" mb="0" cb="0" />
      <line nr="33812" mi="1" ci="0" mb="0" cb="0" />
      <line nr="33813" mi="2" ci="0" mb="0" cb="0" />
      <line nr="33817" mi="1" ci="0" mb="0" cb="0" />
      <line nr="33818" mi="1" ci="0" mb="0" cb="0" />
      <line nr="33821" mi="1" ci="0" mb="0" cb="0" />
      <line nr="33882" mi="1" ci="0" mb="0" cb="0" />
      <line nr="33883" mi="1" ci="0" mb="0" cb="0" />
      <line nr="33884" mi="1" ci="0" mb="0" cb="0" />
      <line nr="33885" mi="1" ci="0" mb="0" cb="0" />
      <line nr="33887" mi="2" ci="0" mb="0" cb="0" />
      <line nr="33889" mi="3" ci="0" mb="0" cb="0" />
      <line nr="33890" mi="1" ci="0" mb="0" cb="0" />
      <line nr="33892" mi="1" ci="0" mb="0" cb="0" />
      <line nr="33894" mi="1" ci="0" mb="0" cb="0" />
      <line nr="33933" mi="3" ci="0" mb="0" cb="0" />
      <line nr="33934" mi="3" ci="0" mb="0" cb="0" />
      <line nr="33967" mi="3" ci="0" mb="0" cb="0" />
      <line nr="33968" mi="3" ci="0" mb="0" cb="0" />
      <line nr="34000" mi="3" ci="0" mb="0" cb="0" />
      <line nr="34001" mi="3" ci="0" mb="0" cb="0" />
      <line nr="34033" mi="3" ci="0" mb="0" cb="0" />
      <line nr="34034" mi="3" ci="0" mb="0" cb="0" />
      <line nr="34066" mi="3" ci="0" mb="0" cb="0" />
      <line nr="34067" mi="3" ci="0" mb="0" cb="0" />
      <line nr="34101" mi="3" ci="0" mb="0" cb="0" />
      <line nr="34102" mi="3" ci="0" mb="0" cb="0" />
      <line nr="34134" mi="3" ci="0" mb="0" cb="0" />
      <line nr="34135" mi="3" ci="0" mb="0" cb="0" />
      <line nr="34180" mi="2" ci="0" mb="0" cb="0" />
      <line nr="34181" mi="1" ci="0" mb="0" cb="0" />
      <line nr="34182" mi="1" ci="0" mb="0" cb="0" />
      <line nr="34183" mi="1" ci="0" mb="0" cb="0" />
      <line nr="34184" mi="1" ci="0" mb="0" cb="0" />
      <line nr="34217" mi="3" ci="0" mb="0" cb="0" />
      <line nr="34218" mi="3" ci="0" mb="0" cb="0" />
      <line nr="34250" mi="3" ci="0" mb="0" cb="0" />
      <line nr="34251" mi="3" ci="0" mb="0" cb="0" />
      <line nr="34345" mi="2" ci="0" mb="0" cb="0" />
      <line nr="34346" mi="1" ci="0" mb="0" cb="0" />
      <line nr="34347" mi="1" ci="0" mb="0" cb="0" />
      <line nr="34349" mi="1" ci="0" mb="0" cb="0" />
      <line nr="34350" mi="1" ci="0" mb="0" cb="0" />
      <line nr="34384" mi="3" ci="0" mb="0" cb="0" />
      <line nr="34385" mi="3" ci="0" mb="0" cb="0" />
      <line nr="34417" mi="3" ci="0" mb="0" cb="0" />
      <line nr="34418" mi="3" ci="0" mb="0" cb="0" />
      <line nr="34452" mi="3" ci="0" mb="0" cb="0" />
      <line nr="34453" mi="3" ci="0" mb="0" cb="0" />
      <line nr="34468" mi="0" ci="1" mb="0" cb="0" />
      <line nr="34469" mi="0" ci="3" mb="0" cb="0" />
      <line nr="34470" mi="0" ci="1" mb="0" cb="0" />
      <line nr="34471" mi="0" ci="1" mb="0" cb="0" />
      <line nr="34472" mi="0" ci="1" mb="0" cb="0" />
      <line nr="34473" mi="0" ci="1" mb="0" cb="0" />
      <line nr="34475" mi="0" ci="1" mb="0" cb="0" />
      <line nr="34476" mi="0" ci="1" mb="0" cb="0" />
      <line nr="34477" mi="0" ci="1" mb="0" cb="0" />
      <line nr="34481" mi="0" ci="1" mb="0" cb="0" />
      <line nr="34528" mi="1" ci="0" mb="0" cb="0" />
      <line nr="34530" mi="2" ci="0" mb="0" cb="0" />
      <line nr="34532" mi="1" ci="0" mb="0" cb="0" />
      <line nr="34534" mi="1" ci="0" mb="0" cb="0" />
      <line nr="34535" mi="1" ci="0" mb="0" cb="0" />
      <line nr="34569" mi="1" ci="0" mb="0" cb="0" />
      <line nr="34608" mi="1" ci="0" mb="0" cb="0" />
      <line nr="34611" mi="2" ci="0" mb="0" cb="0" />
      <line nr="34612" mi="2" ci="0" mb="0" cb="0" />
      <line nr="34614" mi="1" ci="0" mb="0" cb="0" />
      <line nr="34615" mi="1" ci="0" mb="0" cb="0" />
      <line nr="34618" mi="1" ci="0" mb="0" cb="0" />
      <line nr="34619" mi="2" ci="0" mb="0" cb="0" />
      <line nr="34621" mi="1" ci="0" mb="0" cb="0" />
      <line nr="34631" mi="2" ci="0" mb="0" cb="0" />
      <line nr="34633" mi="1" ci="0" mb="0" cb="0" />
      <line nr="34636" mi="1" ci="0" mb="0" cb="0" />
      <line nr="34638" mi="1" ci="0" mb="0" cb="0" />
      <line nr="34685" mi="1" ci="0" mb="0" cb="0" />
      <line nr="34687" mi="2" ci="0" mb="0" cb="0" />
      <line nr="34689" mi="1" ci="0" mb="0" cb="0" />
      <line nr="34691" mi="1" ci="0" mb="0" cb="0" />
      <line nr="34692" mi="1" ci="0" mb="0" cb="0" />
      <line nr="34724" mi="2" ci="0" mb="0" cb="0" />
      <line nr="34726" mi="1" ci="0" mb="0" cb="0" />
      <line nr="34729" mi="1" ci="0" mb="0" cb="0" />
      <line nr="34732" mi="1" ci="0" mb="0" cb="0" />
      <line nr="34733" mi="2" ci="0" mb="0" cb="0" />
      <line nr="34736" mi="1" ci="0" mb="0" cb="0" />
      <line nr="34739" mi="1" ci="0" mb="0" cb="0" />
      <line nr="34742" mi="1" ci="0" mb="0" cb="0" />
      <line nr="34746" mi="2" ci="0" mb="0" cb="0" />
      <line nr="34747" mi="1" ci="0" mb="0" cb="0" />
      <line nr="34754" mi="0" ci="1" mb="0" cb="0" />
      <line nr="34755" mi="0" ci="2" mb="0" cb="0" />
      <line nr="34756" mi="0" ci="2" mb="0" cb="0" />
      <line nr="34757" mi="0" ci="1" mb="0" cb="0" />
      <line nr="34759" mi="0" ci="1" mb="0" cb="0" />
      <counter type="INSTRUCTION" missed="4397" covered="40" />
      <counter type="LINE" missed="3246" covered="36" />
      <counter type="METHOD" missed="506" covered="6" />
      <counter type="CLASS" missed="0" covered="1" />
    </sourcefile>
    <counter type="INSTRUCTION" missed="4397" covered="40" />
    <counter type="LINE" missed="3246" covered="36" />
    <counter type="METHOD" missed="506" covered="6" />
    <counter type="CLASS" missed="0" covered="1" />
  </package>
  <counter type="INSTRUCTION" missed="4397" covered="40" />
  <counter type="LINE" missed="3246" covered="36" />
  <counter type="METHOD" missed="506" covered="6" />
  <counter type="CLASS" missed="0" covered="1" />
</report>
